2020-01-06 15:11 +08:00: 
2020-01-06 15:11 +08:00: /Users/taleyoung/Documents/开发/NEXT/server/node_modules/ts-node/src/index.ts:293
2020-01-06 15:11 +08:00:     return new TSError(diagnosticText, diagnosticCodes)
2020-01-06 15:11 +08:00:            ^
2020-01-06 15:11 +08:00: TSError: ⨯ Unable to compile TypeScript:
2020-01-06 15:11 +08:00: error TS5058: The specified path does not exist: '/Users/taleyoung/Documents/开发/NEXT/server'.
2020-01-06 15:11 +08:00: 
2020-01-06 15:11 +08:00:     at createTSError (/Users/taleyoung/Documents/开发/NEXT/server/node_modules/ts-node/src/index.ts:293:12)
2020-01-06 15:11 +08:00:     at reportTSError (/Users/taleyoung/Documents/开发/NEXT/server/node_modules/ts-node/src/index.ts:297:19)
2020-01-06 15:11 +08:00:     at create (/Users/taleyoung/Documents/开发/NEXT/server/node_modules/ts-node/src/index.ts:308:36)
2020-01-06 15:11 +08:00:     at Object.register (/Users/taleyoung/Documents/开发/NEXT/server/node_modules/ts-node/src/index.ts:227:19)
2020-01-06 15:11 +08:00:     at main (/Users/taleyoung/Documents/开发/NEXT/server/node_modules/ts-node/src/bin.ts:150:19)
2020-01-06 15:11 +08:00:     at Object.<anonymous> (/Users/taleyoung/Documents/开发/NEXT/server/node_modules/ts-node/src/bin.ts:470:3)
2020-01-06 15:11 +08:00:     at Module._compile (internal/modules/cjs/loader.js:776:30)
2020-01-06 15:11 +08:00:     at Object.Module._extensions..js (internal/modules/cjs/loader.js:787:10)
2020-01-06 15:11 +08:00:     at Module.load (internal/modules/cjs/loader.js:643:32)
2020-01-06 15:11 +08:00:     at Function.Module._load (internal/modules/cjs/loader.js:556:12)
2020-01-06 15:11 +08:00: 
2020-01-06 15:11 +08:00: /Users/taleyoung/Documents/开发/NEXT/server/node_modules/ts-node/src/index.ts:293
2020-01-06 15:11 +08:00:     return new TSError(diagnosticText, diagnosticCodes)
2020-01-06 15:11 +08:00:            ^
2020-01-06 15:11 +08:00: TSError: ⨯ Unable to compile TypeScript:
2020-01-06 15:11 +08:00: error TS5058: The specified path does not exist: '/Users/taleyoung/Documents/开发/NEXT/server'.
2020-01-06 15:11 +08:00: 
2020-01-06 15:11 +08:00:     at createTSError (/Users/taleyoung/Documents/开发/NEXT/server/node_modules/ts-node/src/index.ts:293:12)
2020-01-06 15:11 +08:00:     at reportTSError (/Users/taleyoung/Documents/开发/NEXT/server/node_modules/ts-node/src/index.ts:297:19)
2020-01-06 15:11 +08:00:     at create (/Users/taleyoung/Documents/开发/NEXT/server/node_modules/ts-node/src/index.ts:308:36)
2020-01-06 15:11 +08:00:     at Object.register (/Users/taleyoung/Documents/开发/NEXT/server/node_modules/ts-node/src/index.ts:227:19)
2020-01-06 15:11 +08:00:     at main (/Users/taleyoung/Documents/开发/NEXT/server/node_modules/ts-node/src/bin.ts:150:19)
2020-01-06 15:11 +08:00:     at Object.<anonymous> (/Users/taleyoung/Documents/开发/NEXT/server/node_modules/ts-node/src/bin.ts:470:3)
2020-01-06 15:11 +08:00:     at Module._compile (internal/modules/cjs/loader.js:776:30)
2020-01-06 15:11 +08:00:     at Object.Module._extensions..js (internal/modules/cjs/loader.js:787:10)
2020-01-06 15:11 +08:00:     at Module.load (internal/modules/cjs/loader.js:643:32)
2020-01-06 15:11 +08:00:     at Function.Module._load (internal/modules/cjs/loader.js:556:12)
2020-01-06 15:11 +08:00: 
2020-01-06 15:11 +08:00: /Users/taleyoung/Documents/开发/NEXT/server/node_modules/ts-node/src/index.ts:293
2020-01-06 15:11 +08:00:     return new TSError(diagnosticText, diagnosticCodes)
2020-01-06 15:11 +08:00:            ^
2020-01-06 15:11 +08:00: TSError: ⨯ Unable to compile TypeScript:
2020-01-06 15:11 +08:00: error TS5058: The specified path does not exist: '/Users/taleyoung/Documents/开发/NEXT/server'.
2020-01-06 15:11 +08:00: 
2020-01-06 15:11 +08:00:     at createTSError (/Users/taleyoung/Documents/开发/NEXT/server/node_modules/ts-node/src/index.ts:293:12)
2020-01-06 15:11 +08:00:     at reportTSError (/Users/taleyoung/Documents/开发/NEXT/server/node_modules/ts-node/src/index.ts:297:19)
2020-01-06 15:11 +08:00:     at create (/Users/taleyoung/Documents/开发/NEXT/server/node_modules/ts-node/src/index.ts:308:36)
2020-01-06 15:11 +08:00:     at Object.register (/Users/taleyoung/Documents/开发/NEXT/server/node_modules/ts-node/src/index.ts:227:19)
2020-01-06 15:11 +08:00:     at main (/Users/taleyoung/Documents/开发/NEXT/server/node_modules/ts-node/src/bin.ts:150:19)
2020-01-06 15:11 +08:00:     at Object.<anonymous> (/Users/taleyoung/Documents/开发/NEXT/server/node_modules/ts-node/src/bin.ts:470:3)
2020-01-06 15:11 +08:00:     at Module._compile (internal/modules/cjs/loader.js:776:30)
2020-01-06 15:11 +08:00:     at Object.Module._extensions..js (internal/modules/cjs/loader.js:787:10)
2020-01-06 15:11 +08:00:     at Module.load (internal/modules/cjs/loader.js:643:32)
2020-01-06 15:11 +08:00:     at Function.Module._load (internal/modules/cjs/loader.js:556:12)
2020-01-06 15:11 +08:00: 
2020-01-06 15:11 +08:00: /Users/taleyoung/Documents/开发/NEXT/server/node_modules/ts-node/src/index.ts:293
2020-01-06 15:11 +08:00:     return new TSError(diagnosticText, diagnosticCodes)
2020-01-06 15:11 +08:00:            ^
2020-01-06 15:11 +08:00: TSError: ⨯ Unable to compile TypeScript:
2020-01-06 15:11 +08:00: error TS5058: The specified path does not exist: '/Users/taleyoung/Documents/开发/NEXT/server'.
2020-01-06 15:11 +08:00: 
2020-01-06 15:11 +08:00:     at createTSError (/Users/taleyoung/Documents/开发/NEXT/server/node_modules/ts-node/src/index.ts:293:12)
2020-01-06 15:11 +08:00:     at reportTSError (/Users/taleyoung/Documents/开发/NEXT/server/node_modules/ts-node/src/index.ts:297:19)
2020-01-06 15:11 +08:00:     at create (/Users/taleyoung/Documents/开发/NEXT/server/node_modules/ts-node/src/index.ts:308:36)
2020-01-06 15:11 +08:00:     at Object.register (/Users/taleyoung/Documents/开发/NEXT/server/node_modules/ts-node/src/index.ts:227:19)
2020-01-06 15:11 +08:00:     at main (/Users/taleyoung/Documents/开发/NEXT/server/node_modules/ts-node/src/bin.ts:150:19)
2020-01-06 15:11 +08:00:     at Object.<anonymous> (/Users/taleyoung/Documents/开发/NEXT/server/node_modules/ts-node/src/bin.ts:470:3)
2020-01-06 15:11 +08:00:     at Module._compile (internal/modules/cjs/loader.js:776:30)
2020-01-06 15:11 +08:00:     at Object.Module._extensions..js (internal/modules/cjs/loader.js:787:10)
2020-01-06 15:11 +08:00:     at Module.load (internal/modules/cjs/loader.js:643:32)
2020-01-06 15:11 +08:00:     at Function.Module._load (internal/modules/cjs/loader.js:556:12)
2020-01-06 15:11 +08:00: 
2020-01-06 15:11 +08:00: /Users/taleyoung/Documents/开发/NEXT/server/node_modules/ts-node/src/index.ts:293
2020-01-06 15:11 +08:00:     return new TSError(diagnosticText, diagnosticCodes)
2020-01-06 15:11 +08:00:            ^
2020-01-06 15:11 +08:00: TSError: ⨯ Unable to compile TypeScript:
2020-01-06 15:11 +08:00: error TS5058: The specified path does not exist: '/Users/taleyoung/Documents/开发/NEXT/server'.
2020-01-06 15:11 +08:00: 
2020-01-06 15:11 +08:00:     at createTSError (/Users/taleyoung/Documents/开发/NEXT/server/node_modules/ts-node/src/index.ts:293:12)
2020-01-06 15:11 +08:00:     at reportTSError (/Users/taleyoung/Documents/开发/NEXT/server/node_modules/ts-node/src/index.ts:297:19)
2020-01-06 15:11 +08:00:     at create (/Users/taleyoung/Documents/开发/NEXT/server/node_modules/ts-node/src/index.ts:308:36)
2020-01-06 15:11 +08:00:     at Object.register (/Users/taleyoung/Documents/开发/NEXT/server/node_modules/ts-node/src/index.ts:227:19)
2020-01-06 15:11 +08:00:     at main (/Users/taleyoung/Documents/开发/NEXT/server/node_modules/ts-node/src/bin.ts:150:19)
2020-01-06 15:11 +08:00:     at Object.<anonymous> (/Users/taleyoung/Documents/开发/NEXT/server/node_modules/ts-node/src/bin.ts:470:3)
2020-01-06 15:11 +08:00:     at Module._compile (internal/modules/cjs/loader.js:776:30)
2020-01-06 15:11 +08:00:     at Object.Module._extensions..js (internal/modules/cjs/loader.js:787:10)
2020-01-06 15:11 +08:00:     at Module.load (internal/modules/cjs/loader.js:643:32)
2020-01-06 15:11 +08:00:     at Function.Module._load (internal/modules/cjs/loader.js:556:12)
2020-01-06 15:11 +08:00: 
2020-01-06 15:11 +08:00: /Users/taleyoung/Documents/开发/NEXT/server/node_modules/ts-node/src/index.ts:293
2020-01-06 15:11 +08:00:     return new TSError(diagnosticText, diagnosticCodes)
2020-01-06 15:11 +08:00:            ^
2020-01-06 15:11 +08:00: TSError: ⨯ Unable to compile TypeScript:
2020-01-06 15:11 +08:00: error TS5058: The specified path does not exist: '/Users/taleyoung/Documents/开发/NEXT/server'.
2020-01-06 15:11 +08:00: 
2020-01-06 15:11 +08:00:     at createTSError (/Users/taleyoung/Documents/开发/NEXT/server/node_modules/ts-node/src/index.ts:293:12)
2020-01-06 15:11 +08:00:     at reportTSError (/Users/taleyoung/Documents/开发/NEXT/server/node_modules/ts-node/src/index.ts:297:19)
2020-01-06 15:11 +08:00:     at create (/Users/taleyoung/Documents/开发/NEXT/server/node_modules/ts-node/src/index.ts:308:36)
2020-01-06 15:11 +08:00:     at Object.register (/Users/taleyoung/Documents/开发/NEXT/server/node_modules/ts-node/src/index.ts:227:19)
2020-01-06 15:11 +08:00:     at main (/Users/taleyoung/Documents/开发/NEXT/server/node_modules/ts-node/src/bin.ts:150:19)
2020-01-06 15:11 +08:00:     at Object.<anonymous> (/Users/taleyoung/Documents/开发/NEXT/server/node_modules/ts-node/src/bin.ts:470:3)
2020-01-06 15:11 +08:00:     at Module._compile (internal/modules/cjs/loader.js:776:30)
2020-01-06 15:11 +08:00:     at Object.Module._extensions..js (internal/modules/cjs/loader.js:787:10)
2020-01-06 15:11 +08:00:     at Module.load (internal/modules/cjs/loader.js:643:32)
2020-01-06 15:11 +08:00:     at Function.Module._load (internal/modules/cjs/loader.js:556:12)
2020-01-06 15:11 +08:00: 
2020-01-06 15:11 +08:00: /Users/taleyoung/Documents/开发/NEXT/server/node_modules/ts-node/src/index.ts:293
2020-01-06 15:11 +08:00:     return new TSError(diagnosticText, diagnosticCodes)
2020-01-06 15:11 +08:00:            ^
2020-01-06 15:11 +08:00: TSError: ⨯ Unable to compile TypeScript:
2020-01-06 15:11 +08:00: error TS5058: The specified path does not exist: '/Users/taleyoung/Documents/开发/NEXT/server'.
2020-01-06 15:11 +08:00: 
2020-01-06 15:11 +08:00:     at createTSError (/Users/taleyoung/Documents/开发/NEXT/server/node_modules/ts-node/src/index.ts:293:12)
2020-01-06 15:11 +08:00:     at reportTSError (/Users/taleyoung/Documents/开发/NEXT/server/node_modules/ts-node/src/index.ts:297:19)
2020-01-06 15:11 +08:00:     at create (/Users/taleyoung/Documents/开发/NEXT/server/node_modules/ts-node/src/index.ts:308:36)
2020-01-06 15:11 +08:00:     at Object.register (/Users/taleyoung/Documents/开发/NEXT/server/node_modules/ts-node/src/index.ts:227:19)
2020-01-06 15:11 +08:00:     at main (/Users/taleyoung/Documents/开发/NEXT/server/node_modules/ts-node/src/bin.ts:150:19)
2020-01-06 15:11 +08:00:     at Object.<anonymous> (/Users/taleyoung/Documents/开发/NEXT/server/node_modules/ts-node/src/bin.ts:470:3)
2020-01-06 15:11 +08:00:     at Module._compile (internal/modules/cjs/loader.js:776:30)
2020-01-06 15:11 +08:00:     at Object.Module._extensions..js (internal/modules/cjs/loader.js:787:10)
2020-01-06 15:11 +08:00:     at Module.load (internal/modules/cjs/loader.js:643:32)
2020-01-06 15:11 +08:00:     at Function.Module._load (internal/modules/cjs/loader.js:556:12)
2020-01-06 15:11 +08:00: 
2020-01-06 15:11 +08:00: /Users/taleyoung/Documents/开发/NEXT/server/node_modules/ts-node/src/index.ts:293
2020-01-06 15:11 +08:00:     return new TSError(diagnosticText, diagnosticCodes)
2020-01-06 15:11 +08:00:            ^
2020-01-06 15:11 +08:00: TSError: ⨯ Unable to compile TypeScript:
2020-01-06 15:11 +08:00: error TS5058: The specified path does not exist: '/Users/taleyoung/Documents/开发/NEXT/server'.
2020-01-06 15:11 +08:00: 
2020-01-06 15:11 +08:00:     at createTSError (/Users/taleyoung/Documents/开发/NEXT/server/node_modules/ts-node/src/index.ts:293:12)
2020-01-06 15:11 +08:00:     at reportTSError (/Users/taleyoung/Documents/开发/NEXT/server/node_modules/ts-node/src/index.ts:297:19)
2020-01-06 15:11 +08:00:     at create (/Users/taleyoung/Documents/开发/NEXT/server/node_modules/ts-node/src/index.ts:308:36)
2020-01-06 15:11 +08:00:     at Object.register (/Users/taleyoung/Documents/开发/NEXT/server/node_modules/ts-node/src/index.ts:227:19)
2020-01-06 15:11 +08:00:     at main (/Users/taleyoung/Documents/开发/NEXT/server/node_modules/ts-node/src/bin.ts:150:19)
2020-01-06 15:11 +08:00:     at Object.<anonymous> (/Users/taleyoung/Documents/开发/NEXT/server/node_modules/ts-node/src/bin.ts:470:3)
2020-01-06 15:11 +08:00:     at Module._compile (internal/modules/cjs/loader.js:776:30)
2020-01-06 15:11 +08:00:     at Object.Module._extensions..js (internal/modules/cjs/loader.js:787:10)
2020-01-06 15:11 +08:00:     at Module.load (internal/modules/cjs/loader.js:643:32)
2020-01-06 15:11 +08:00:     at Function.Module._load (internal/modules/cjs/loader.js:556:12)
2020-01-06 15:11 +08:00: 
2020-01-06 15:11 +08:00: /Users/taleyoung/Documents/开发/NEXT/server/node_modules/ts-node/src/index.ts:293
2020-01-06 15:11 +08:00:     return new TSError(diagnosticText, diagnosticCodes)
2020-01-06 15:11 +08:00:            ^
2020-01-06 15:11 +08:00: TSError: ⨯ Unable to compile TypeScript:
2020-01-06 15:11 +08:00: error TS5058: The specified path does not exist: '/Users/taleyoung/Documents/开发/NEXT/server'.
2020-01-06 15:11 +08:00: 
2020-01-06 15:11 +08:00:     at createTSError (/Users/taleyoung/Documents/开发/NEXT/server/node_modules/ts-node/src/index.ts:293:12)
2020-01-06 15:11 +08:00:     at reportTSError (/Users/taleyoung/Documents/开发/NEXT/server/node_modules/ts-node/src/index.ts:297:19)
2020-01-06 15:11 +08:00:     at create (/Users/taleyoung/Documents/开发/NEXT/server/node_modules/ts-node/src/index.ts:308:36)
2020-01-06 15:11 +08:00:     at Object.register (/Users/taleyoung/Documents/开发/NEXT/server/node_modules/ts-node/src/index.ts:227:19)
2020-01-06 15:11 +08:00:     at main (/Users/taleyoung/Documents/开发/NEXT/server/node_modules/ts-node/src/bin.ts:150:19)
2020-01-06 15:11 +08:00:     at Object.<anonymous> (/Users/taleyoung/Documents/开发/NEXT/server/node_modules/ts-node/src/bin.ts:470:3)
2020-01-06 15:11 +08:00:     at Module._compile (internal/modules/cjs/loader.js:776:30)
2020-01-06 15:11 +08:00:     at Object.Module._extensions..js (internal/modules/cjs/loader.js:787:10)
2020-01-06 15:11 +08:00:     at Module.load (internal/modules/cjs/loader.js:643:32)
2020-01-06 15:11 +08:00:     at Function.Module._load (internal/modules/cjs/loader.js:556:12)
2020-01-06 15:11 +08:00: 
2020-01-06 15:11 +08:00: /Users/taleyoung/Documents/开发/NEXT/server/node_modules/ts-node/src/index.ts:293
2020-01-06 15:11 +08:00:     return new TSError(diagnosticText, diagnosticCodes)
2020-01-06 15:11 +08:00:            ^
2020-01-06 15:11 +08:00: TSError: ⨯ Unable to compile TypeScript:
2020-01-06 15:11 +08:00: error TS5058: The specified path does not exist: '/Users/taleyoung/Documents/开发/NEXT/server'.
2020-01-06 15:11 +08:00: 
2020-01-06 15:11 +08:00:     at createTSError (/Users/taleyoung/Documents/开发/NEXT/server/node_modules/ts-node/src/index.ts:293:12)
2020-01-06 15:11 +08:00:     at reportTSError (/Users/taleyoung/Documents/开发/NEXT/server/node_modules/ts-node/src/index.ts:297:19)
2020-01-06 15:11 +08:00:     at create (/Users/taleyoung/Documents/开发/NEXT/server/node_modules/ts-node/src/index.ts:308:36)
2020-01-06 15:11 +08:00:     at Object.register (/Users/taleyoung/Documents/开发/NEXT/server/node_modules/ts-node/src/index.ts:227:19)
2020-01-06 15:11 +08:00:     at main (/Users/taleyoung/Documents/开发/NEXT/server/node_modules/ts-node/src/bin.ts:150:19)
2020-01-06 15:11 +08:00:     at Object.<anonymous> (/Users/taleyoung/Documents/开发/NEXT/server/node_modules/ts-node/src/bin.ts:470:3)
2020-01-06 15:11 +08:00:     at Module._compile (internal/modules/cjs/loader.js:776:30)
2020-01-06 15:11 +08:00:     at Object.Module._extensions..js (internal/modules/cjs/loader.js:787:10)
2020-01-06 15:11 +08:00:     at Module.load (internal/modules/cjs/loader.js:643:32)
2020-01-06 15:11 +08:00:     at Function.Module._load (internal/modules/cjs/loader.js:556:12)
2020-01-06 15:11 +08:00: 
2020-01-06 15:11 +08:00: /Users/taleyoung/Documents/开发/NEXT/server/node_modules/ts-node/src/index.ts:293
2020-01-06 15:11 +08:00:     return new TSError(diagnosticText, diagnosticCodes)
2020-01-06 15:11 +08:00:            ^
2020-01-06 15:11 +08:00: TSError: ⨯ Unable to compile TypeScript:
2020-01-06 15:11 +08:00: error TS5058: The specified path does not exist: '/Users/taleyoung/Documents/开发/NEXT/server'.
2020-01-06 15:11 +08:00: 
2020-01-06 15:11 +08:00:     at createTSError (/Users/taleyoung/Documents/开发/NEXT/server/node_modules/ts-node/src/index.ts:293:12)
2020-01-06 15:11 +08:00:     at reportTSError (/Users/taleyoung/Documents/开发/NEXT/server/node_modules/ts-node/src/index.ts:297:19)
2020-01-06 15:11 +08:00:     at create (/Users/taleyoung/Documents/开发/NEXT/server/node_modules/ts-node/src/index.ts:308:36)
2020-01-06 15:11 +08:00:     at Object.register (/Users/taleyoung/Documents/开发/NEXT/server/node_modules/ts-node/src/index.ts:227:19)
2020-01-06 15:11 +08:00:     at main (/Users/taleyoung/Documents/开发/NEXT/server/node_modules/ts-node/src/bin.ts:150:19)
2020-01-06 15:11 +08:00:     at Object.<anonymous> (/Users/taleyoung/Documents/开发/NEXT/server/node_modules/ts-node/src/bin.ts:470:3)
2020-01-06 15:11 +08:00:     at Module._compile (internal/modules/cjs/loader.js:776:30)
2020-01-06 15:11 +08:00:     at Object.Module._extensions..js (internal/modules/cjs/loader.js:787:10)
2020-01-06 15:11 +08:00:     at Module.load (internal/modules/cjs/loader.js:643:32)
2020-01-06 15:11 +08:00:     at Function.Module._load (internal/modules/cjs/loader.js:556:12)
2020-01-06 15:11 +08:00: 
2020-01-06 15:11 +08:00: /Users/taleyoung/Documents/开发/NEXT/server/node_modules/ts-node/src/index.ts:293
2020-01-06 15:11 +08:00:     return new TSError(diagnosticText, diagnosticCodes)
2020-01-06 15:11 +08:00:            ^
2020-01-06 15:11 +08:00: TSError: ⨯ Unable to compile TypeScript:
2020-01-06 15:11 +08:00: error TS5058: The specified path does not exist: '/Users/taleyoung/Documents/开发/NEXT/server'.
2020-01-06 15:11 +08:00: 
2020-01-06 15:11 +08:00:     at createTSError (/Users/taleyoung/Documents/开发/NEXT/server/node_modules/ts-node/src/index.ts:293:12)
2020-01-06 15:11 +08:00:     at reportTSError (/Users/taleyoung/Documents/开发/NEXT/server/node_modules/ts-node/src/index.ts:297:19)
2020-01-06 15:11 +08:00:     at create (/Users/taleyoung/Documents/开发/NEXT/server/node_modules/ts-node/src/index.ts:308:36)
2020-01-06 15:11 +08:00:     at Object.register (/Users/taleyoung/Documents/开发/NEXT/server/node_modules/ts-node/src/index.ts:227:19)
2020-01-06 15:11 +08:00:     at main (/Users/taleyoung/Documents/开发/NEXT/server/node_modules/ts-node/src/bin.ts:150:19)
2020-01-06 15:11 +08:00:     at Object.<anonymous> (/Users/taleyoung/Documents/开发/NEXT/server/node_modules/ts-node/src/bin.ts:470:3)
2020-01-06 15:11 +08:00:     at Module._compile (internal/modules/cjs/loader.js:776:30)
2020-01-06 15:11 +08:00:     at Object.Module._extensions..js (internal/modules/cjs/loader.js:787:10)
2020-01-06 15:11 +08:00:     at Module.load (internal/modules/cjs/loader.js:643:32)
2020-01-06 15:11 +08:00:     at Function.Module._load (internal/modules/cjs/loader.js:556:12)
2020-01-06 15:11 +08:00: 
2020-01-06 15:11 +08:00: /Users/taleyoung/Documents/开发/NEXT/server/node_modules/ts-node/src/index.ts:293
2020-01-06 15:11 +08:00:     return new TSError(diagnosticText, diagnosticCodes)
2020-01-06 15:11 +08:00:            ^
2020-01-06 15:11 +08:00: TSError: ⨯ Unable to compile TypeScript:
2020-01-06 15:11 +08:00: error TS5058: The specified path does not exist: '/Users/taleyoung/Documents/开发/NEXT/server'.
2020-01-06 15:11 +08:00: 
2020-01-06 15:11 +08:00:     at createTSError (/Users/taleyoung/Documents/开发/NEXT/server/node_modules/ts-node/src/index.ts:293:12)
2020-01-06 15:11 +08:00:     at reportTSError (/Users/taleyoung/Documents/开发/NEXT/server/node_modules/ts-node/src/index.ts:297:19)
2020-01-06 15:11 +08:00:     at create (/Users/taleyoung/Documents/开发/NEXT/server/node_modules/ts-node/src/index.ts:308:36)
2020-01-06 15:11 +08:00:     at Object.register (/Users/taleyoung/Documents/开发/NEXT/server/node_modules/ts-node/src/index.ts:227:19)
2020-01-06 15:11 +08:00:     at main (/Users/taleyoung/Documents/开发/NEXT/server/node_modules/ts-node/src/bin.ts:150:19)
2020-01-06 15:11 +08:00:     at Object.<anonymous> (/Users/taleyoung/Documents/开发/NEXT/server/node_modules/ts-node/src/bin.ts:470:3)
2020-01-06 15:11 +08:00:     at Module._compile (internal/modules/cjs/loader.js:776:30)
2020-01-06 15:11 +08:00:     at Object.Module._extensions..js (internal/modules/cjs/loader.js:787:10)
2020-01-06 15:11 +08:00:     at Module.load (internal/modules/cjs/loader.js:643:32)
2020-01-06 15:11 +08:00:     at Function.Module._load (internal/modules/cjs/loader.js:556:12)
2020-01-06 15:11 +08:00: 
2020-01-06 15:11 +08:00: /Users/taleyoung/Documents/开发/NEXT/server/node_modules/ts-node/src/index.ts:293
2020-01-06 15:11 +08:00:     return new TSError(diagnosticText, diagnosticCodes)
2020-01-06 15:11 +08:00:            ^
2020-01-06 15:11 +08:00: TSError: ⨯ Unable to compile TypeScript:
2020-01-06 15:11 +08:00: error TS5058: The specified path does not exist: '/Users/taleyoung/Documents/开发/NEXT/server'.
2020-01-06 15:11 +08:00: 
2020-01-06 15:11 +08:00:     at createTSError (/Users/taleyoung/Documents/开发/NEXT/server/node_modules/ts-node/src/index.ts:293:12)
2020-01-06 15:11 +08:00:     at reportTSError (/Users/taleyoung/Documents/开发/NEXT/server/node_modules/ts-node/src/index.ts:297:19)
2020-01-06 15:11 +08:00:     at create (/Users/taleyoung/Documents/开发/NEXT/server/node_modules/ts-node/src/index.ts:308:36)
2020-01-06 15:11 +08:00:     at Object.register (/Users/taleyoung/Documents/开发/NEXT/server/node_modules/ts-node/src/index.ts:227:19)
2020-01-06 15:11 +08:00:     at main (/Users/taleyoung/Documents/开发/NEXT/server/node_modules/ts-node/src/bin.ts:150:19)
2020-01-06 15:11 +08:00:     at Object.<anonymous> (/Users/taleyoung/Documents/开发/NEXT/server/node_modules/ts-node/src/bin.ts:470:3)
2020-01-06 15:11 +08:00:     at Module._compile (internal/modules/cjs/loader.js:776:30)
2020-01-06 15:11 +08:00:     at Object.Module._extensions..js (internal/modules/cjs/loader.js:787:10)
2020-01-06 15:11 +08:00:     at Module.load (internal/modules/cjs/loader.js:643:32)
2020-01-06 15:11 +08:00:     at Function.Module._load (internal/modules/cjs/loader.js:556:12)
2020-01-06 15:11 +08:00: 
2020-01-06 15:11 +08:00: /Users/taleyoung/Documents/开发/NEXT/server/node_modules/ts-node/src/index.ts:293
2020-01-06 15:11 +08:00:     return new TSError(diagnosticText, diagnosticCodes)
2020-01-06 15:11 +08:00:            ^
2020-01-06 15:11 +08:00: TSError: ⨯ Unable to compile TypeScript:
2020-01-06 15:11 +08:00: error TS5058: The specified path does not exist: '/Users/taleyoung/Documents/开发/NEXT/server'.
2020-01-06 15:11 +08:00: 
2020-01-06 15:11 +08:00:     at createTSError (/Users/taleyoung/Documents/开发/NEXT/server/node_modules/ts-node/src/index.ts:293:12)
2020-01-06 15:11 +08:00:     at reportTSError (/Users/taleyoung/Documents/开发/NEXT/server/node_modules/ts-node/src/index.ts:297:19)
2020-01-06 15:11 +08:00:     at create (/Users/taleyoung/Documents/开发/NEXT/server/node_modules/ts-node/src/index.ts:308:36)
2020-01-06 15:11 +08:00:     at Object.register (/Users/taleyoung/Documents/开发/NEXT/server/node_modules/ts-node/src/index.ts:227:19)
2020-01-06 15:11 +08:00:     at main (/Users/taleyoung/Documents/开发/NEXT/server/node_modules/ts-node/src/bin.ts:150:19)
2020-01-06 15:11 +08:00:     at Object.<anonymous> (/Users/taleyoung/Documents/开发/NEXT/server/node_modules/ts-node/src/bin.ts:470:3)
2020-01-06 15:11 +08:00:     at Module._compile (internal/modules/cjs/loader.js:776:30)
2020-01-06 15:11 +08:00:     at Object.Module._extensions..js (internal/modules/cjs/loader.js:787:10)
2020-01-06 15:11 +08:00:     at Module.load (internal/modules/cjs/loader.js:643:32)
2020-01-06 15:11 +08:00:     at Function.Module._load (internal/modules/cjs/loader.js:556:12)
2020-01-06 15:11 +08:00: 
2020-01-06 15:11 +08:00: /Users/taleyoung/Documents/开发/NEXT/server/node_modules/ts-node/src/index.ts:293
2020-01-06 15:11 +08:00:     return new TSError(diagnosticText, diagnosticCodes)
2020-01-06 15:11 +08:00:            ^
2020-01-06 15:11 +08:00: TSError: ⨯ Unable to compile TypeScript:
2020-01-06 15:11 +08:00: error TS5058: The specified path does not exist: '/Users/taleyoung/Documents/开发/NEXT/server'.
2020-01-06 15:11 +08:00: 
2020-01-06 15:11 +08:00:     at createTSError (/Users/taleyoung/Documents/开发/NEXT/server/node_modules/ts-node/src/index.ts:293:12)
2020-01-06 15:11 +08:00:     at reportTSError (/Users/taleyoung/Documents/开发/NEXT/server/node_modules/ts-node/src/index.ts:297:19)
2020-01-06 15:11 +08:00:     at create (/Users/taleyoung/Documents/开发/NEXT/server/node_modules/ts-node/src/index.ts:308:36)
2020-01-06 15:11 +08:00:     at Object.register (/Users/taleyoung/Documents/开发/NEXT/server/node_modules/ts-node/src/index.ts:227:19)
2020-01-06 15:11 +08:00:     at main (/Users/taleyoung/Documents/开发/NEXT/server/node_modules/ts-node/src/bin.ts:150:19)
2020-01-06 15:11 +08:00:     at Object.<anonymous> (/Users/taleyoung/Documents/开发/NEXT/server/node_modules/ts-node/src/bin.ts:470:3)
2020-01-06 15:11 +08:00:     at Module._compile (internal/modules/cjs/loader.js:776:30)
2020-01-06 15:11 +08:00:     at Object.Module._extensions..js (internal/modules/cjs/loader.js:787:10)
2020-01-06 15:11 +08:00:     at Module.load (internal/modules/cjs/loader.js:643:32)
2020-01-06 15:11 +08:00:     at Function.Module._load (internal/modules/cjs/loader.js:556:12)
2020-01-06 15:17 +08:00: 
2020-01-06 15:17 +08:00: /Users/taleyoung/Documents/开发/NEXT/server/node_modules/ts-node/src/index.ts:293
2020-01-06 15:17 +08:00:     return new TSError(diagnosticText, diagnosticCodes)
2020-01-06 15:17 +08:00:            ^
2020-01-06 15:17 +08:00: TSError: ⨯ Unable to compile TypeScript:
2020-01-06 15:17 +08:00: error TS5058: The specified path does not exist: '/Users/taleyoung/Documents/开发/NEXT/server'.
2020-01-06 15:17 +08:00: 
2020-01-06 15:17 +08:00:     at createTSError (/Users/taleyoung/Documents/开发/NEXT/server/node_modules/ts-node/src/index.ts:293:12)
2020-01-06 15:17 +08:00:     at reportTSError (/Users/taleyoung/Documents/开发/NEXT/server/node_modules/ts-node/src/index.ts:297:19)
2020-01-06 15:17 +08:00:     at create (/Users/taleyoung/Documents/开发/NEXT/server/node_modules/ts-node/src/index.ts:308:36)
2020-01-06 15:17 +08:00:     at Object.register (/Users/taleyoung/Documents/开发/NEXT/server/node_modules/ts-node/src/index.ts:227:19)
2020-01-06 15:17 +08:00:     at main (/Users/taleyoung/Documents/开发/NEXT/server/node_modules/ts-node/src/bin.ts:150:19)
2020-01-06 15:17 +08:00:     at Object.<anonymous> (/Users/taleyoung/Documents/开发/NEXT/server/node_modules/ts-node/src/bin.ts:470:3)
2020-01-06 15:17 +08:00:     at Module._compile (internal/modules/cjs/loader.js:776:30)
2020-01-06 15:17 +08:00:     at Object.Module._extensions..js (internal/modules/cjs/loader.js:787:10)
2020-01-06 15:17 +08:00:     at Module.load (internal/modules/cjs/loader.js:643:32)
2020-01-06 15:17 +08:00:     at Function.Module._load (internal/modules/cjs/loader.js:556:12)
2020-01-06 15:17 +08:00: 
2020-01-06 15:17 +08:00: /Users/taleyoung/Documents/开发/NEXT/server/node_modules/ts-node/src/index.ts:293
2020-01-06 15:17 +08:00:     return new TSError(diagnosticText, diagnosticCodes)
2020-01-06 15:17 +08:00:            ^
2020-01-06 15:17 +08:00: TSError: ⨯ Unable to compile TypeScript:
2020-01-06 15:17 +08:00: error TS5058: The specified path does not exist: '/Users/taleyoung/Documents/开发/NEXT/server'.
2020-01-06 15:17 +08:00: 
2020-01-06 15:17 +08:00:     at createTSError (/Users/taleyoung/Documents/开发/NEXT/server/node_modules/ts-node/src/index.ts:293:12)
2020-01-06 15:17 +08:00:     at reportTSError (/Users/taleyoung/Documents/开发/NEXT/server/node_modules/ts-node/src/index.ts:297:19)
2020-01-06 15:17 +08:00:     at create (/Users/taleyoung/Documents/开发/NEXT/server/node_modules/ts-node/src/index.ts:308:36)
2020-01-06 15:17 +08:00:     at Object.register (/Users/taleyoung/Documents/开发/NEXT/server/node_modules/ts-node/src/index.ts:227:19)
2020-01-06 15:17 +08:00:     at main (/Users/taleyoung/Documents/开发/NEXT/server/node_modules/ts-node/src/bin.ts:150:19)
2020-01-06 15:17 +08:00:     at Object.<anonymous> (/Users/taleyoung/Documents/开发/NEXT/server/node_modules/ts-node/src/bin.ts:470:3)
2020-01-06 15:17 +08:00:     at Module._compile (internal/modules/cjs/loader.js:776:30)
2020-01-06 15:17 +08:00:     at Object.Module._extensions..js (internal/modules/cjs/loader.js:787:10)
2020-01-06 15:17 +08:00:     at Module.load (internal/modules/cjs/loader.js:643:32)
2020-01-06 15:17 +08:00:     at Function.Module._load (internal/modules/cjs/loader.js:556:12)
2020-01-06 15:17 +08:00: 
2020-01-06 15:17 +08:00: /Users/taleyoung/Documents/开发/NEXT/server/node_modules/ts-node/src/index.ts:293
2020-01-06 15:17 +08:00:     return new TSError(diagnosticText, diagnosticCodes)
2020-01-06 15:17 +08:00:            ^
2020-01-06 15:17 +08:00: TSError: ⨯ Unable to compile TypeScript:
2020-01-06 15:17 +08:00: error TS5058: The specified path does not exist: '/Users/taleyoung/Documents/开发/NEXT/server'.
2020-01-06 15:17 +08:00: 
2020-01-06 15:17 +08:00:     at createTSError (/Users/taleyoung/Documents/开发/NEXT/server/node_modules/ts-node/src/index.ts:293:12)
2020-01-06 15:17 +08:00:     at reportTSError (/Users/taleyoung/Documents/开发/NEXT/server/node_modules/ts-node/src/index.ts:297:19)
2020-01-06 15:17 +08:00:     at create (/Users/taleyoung/Documents/开发/NEXT/server/node_modules/ts-node/src/index.ts:308:36)
2020-01-06 15:17 +08:00:     at Object.register (/Users/taleyoung/Documents/开发/NEXT/server/node_modules/ts-node/src/index.ts:227:19)
2020-01-06 15:17 +08:00:     at main (/Users/taleyoung/Documents/开发/NEXT/server/node_modules/ts-node/src/bin.ts:150:19)
2020-01-06 15:17 +08:00:     at Object.<anonymous> (/Users/taleyoung/Documents/开发/NEXT/server/node_modules/ts-node/src/bin.ts:470:3)
2020-01-06 15:17 +08:00:     at Module._compile (internal/modules/cjs/loader.js:776:30)
2020-01-06 15:17 +08:00:     at Object.Module._extensions..js (internal/modules/cjs/loader.js:787:10)
2020-01-06 15:17 +08:00:     at Module.load (internal/modules/cjs/loader.js:643:32)
2020-01-06 15:17 +08:00:     at Function.Module._load (internal/modules/cjs/loader.js:556:12)
2020-01-06 15:17 +08:00: 
2020-01-06 15:17 +08:00: /Users/taleyoung/Documents/开发/NEXT/server/node_modules/ts-node/src/index.ts:293
2020-01-06 15:17 +08:00:     return new TSError(diagnosticText, diagnosticCodes)
2020-01-06 15:17 +08:00:            ^
2020-01-06 15:17 +08:00: TSError: ⨯ Unable to compile TypeScript:
2020-01-06 15:17 +08:00: error TS5058: The specified path does not exist: '/Users/taleyoung/Documents/开发/NEXT/server'.
2020-01-06 15:17 +08:00: 
2020-01-06 15:17 +08:00:     at createTSError (/Users/taleyoung/Documents/开发/NEXT/server/node_modules/ts-node/src/index.ts:293:12)
2020-01-06 15:17 +08:00:     at reportTSError (/Users/taleyoung/Documents/开发/NEXT/server/node_modules/ts-node/src/index.ts:297:19)
2020-01-06 15:17 +08:00:     at create (/Users/taleyoung/Documents/开发/NEXT/server/node_modules/ts-node/src/index.ts:308:36)
2020-01-06 15:17 +08:00:     at Object.register (/Users/taleyoung/Documents/开发/NEXT/server/node_modules/ts-node/src/index.ts:227:19)
2020-01-06 15:17 +08:00:     at main (/Users/taleyoung/Documents/开发/NEXT/server/node_modules/ts-node/src/bin.ts:150:19)
2020-01-06 15:17 +08:00:     at Object.<anonymous> (/Users/taleyoung/Documents/开发/NEXT/server/node_modules/ts-node/src/bin.ts:470:3)
2020-01-06 15:17 +08:00:     at Module._compile (internal/modules/cjs/loader.js:776:30)
2020-01-06 15:17 +08:00:     at Object.Module._extensions..js (internal/modules/cjs/loader.js:787:10)
2020-01-06 15:17 +08:00:     at Module.load (internal/modules/cjs/loader.js:643:32)
2020-01-06 15:17 +08:00:     at Function.Module._load (internal/modules/cjs/loader.js:556:12)
2020-01-06 15:17 +08:00: 
2020-01-06 15:17 +08:00: /Users/taleyoung/Documents/开发/NEXT/server/node_modules/ts-node/src/index.ts:293
2020-01-06 15:17 +08:00:     return new TSError(diagnosticText, diagnosticCodes)
2020-01-06 15:17 +08:00:            ^
2020-01-06 15:17 +08:00: TSError: ⨯ Unable to compile TypeScript:
2020-01-06 15:17 +08:00: error TS5058: The specified path does not exist: '/Users/taleyoung/Documents/开发/NEXT/server'.
2020-01-06 15:17 +08:00: 
2020-01-06 15:17 +08:00:     at createTSError (/Users/taleyoung/Documents/开发/NEXT/server/node_modules/ts-node/src/index.ts:293:12)
2020-01-06 15:17 +08:00:     at reportTSError (/Users/taleyoung/Documents/开发/NEXT/server/node_modules/ts-node/src/index.ts:297:19)
2020-01-06 15:17 +08:00:     at create (/Users/taleyoung/Documents/开发/NEXT/server/node_modules/ts-node/src/index.ts:308:36)
2020-01-06 15:17 +08:00:     at Object.register (/Users/taleyoung/Documents/开发/NEXT/server/node_modules/ts-node/src/index.ts:227:19)
2020-01-06 15:17 +08:00:     at main (/Users/taleyoung/Documents/开发/NEXT/server/node_modules/ts-node/src/bin.ts:150:19)
2020-01-06 15:17 +08:00:     at Object.<anonymous> (/Users/taleyoung/Documents/开发/NEXT/server/node_modules/ts-node/src/bin.ts:470:3)
2020-01-06 15:17 +08:00:     at Module._compile (internal/modules/cjs/loader.js:776:30)
2020-01-06 15:17 +08:00:     at Object.Module._extensions..js (internal/modules/cjs/loader.js:787:10)
2020-01-06 15:17 +08:00:     at Module.load (internal/modules/cjs/loader.js:643:32)
2020-01-06 15:17 +08:00:     at Function.Module._load (internal/modules/cjs/loader.js:556:12)
2020-01-06 15:17 +08:00: 
2020-01-06 15:17 +08:00: /Users/taleyoung/Documents/开发/NEXT/server/node_modules/ts-node/src/index.ts:293
2020-01-06 15:17 +08:00:     return new TSError(diagnosticText, diagnosticCodes)
2020-01-06 15:17 +08:00:            ^
2020-01-06 15:17 +08:00: TSError: ⨯ Unable to compile TypeScript:
2020-01-06 15:17 +08:00: error TS5058: The specified path does not exist: '/Users/taleyoung/Documents/开发/NEXT/server'.
2020-01-06 15:17 +08:00: 
2020-01-06 15:17 +08:00:     at createTSError (/Users/taleyoung/Documents/开发/NEXT/server/node_modules/ts-node/src/index.ts:293:12)
2020-01-06 15:17 +08:00:     at reportTSError (/Users/taleyoung/Documents/开发/NEXT/server/node_modules/ts-node/src/index.ts:297:19)
2020-01-06 15:17 +08:00:     at create (/Users/taleyoung/Documents/开发/NEXT/server/node_modules/ts-node/src/index.ts:308:36)
2020-01-06 15:17 +08:00:     at Object.register (/Users/taleyoung/Documents/开发/NEXT/server/node_modules/ts-node/src/index.ts:227:19)
2020-01-06 15:17 +08:00:     at main (/Users/taleyoung/Documents/开发/NEXT/server/node_modules/ts-node/src/bin.ts:150:19)
2020-01-06 15:17 +08:00:     at Object.<anonymous> (/Users/taleyoung/Documents/开发/NEXT/server/node_modules/ts-node/src/bin.ts:470:3)
2020-01-06 15:17 +08:00:     at Module._compile (internal/modules/cjs/loader.js:776:30)
2020-01-06 15:17 +08:00:     at Object.Module._extensions..js (internal/modules/cjs/loader.js:787:10)
2020-01-06 15:17 +08:00:     at Module.load (internal/modules/cjs/loader.js:643:32)
2020-01-06 15:17 +08:00:     at Function.Module._load (internal/modules/cjs/loader.js:556:12)
2020-01-06 15:17 +08:00: 
2020-01-06 15:17 +08:00: /Users/taleyoung/Documents/开发/NEXT/server/node_modules/ts-node/src/index.ts:293
2020-01-06 15:17 +08:00:     return new TSError(diagnosticText, diagnosticCodes)
2020-01-06 15:17 +08:00:            ^
2020-01-06 15:17 +08:00: TSError: ⨯ Unable to compile TypeScript:
2020-01-06 15:17 +08:00: error TS5058: The specified path does not exist: '/Users/taleyoung/Documents/开发/NEXT/server'.
2020-01-06 15:17 +08:00: 
2020-01-06 15:17 +08:00:     at createTSError (/Users/taleyoung/Documents/开发/NEXT/server/node_modules/ts-node/src/index.ts:293:12)
2020-01-06 15:17 +08:00:     at reportTSError (/Users/taleyoung/Documents/开发/NEXT/server/node_modules/ts-node/src/index.ts:297:19)
2020-01-06 15:17 +08:00:     at create (/Users/taleyoung/Documents/开发/NEXT/server/node_modules/ts-node/src/index.ts:308:36)
2020-01-06 15:17 +08:00:     at Object.register (/Users/taleyoung/Documents/开发/NEXT/server/node_modules/ts-node/src/index.ts:227:19)
2020-01-06 15:17 +08:00:     at main (/Users/taleyoung/Documents/开发/NEXT/server/node_modules/ts-node/src/bin.ts:150:19)
2020-01-06 15:17 +08:00:     at Object.<anonymous> (/Users/taleyoung/Documents/开发/NEXT/server/node_modules/ts-node/src/bin.ts:470:3)
2020-01-06 15:17 +08:00:     at Module._compile (internal/modules/cjs/loader.js:776:30)
2020-01-06 15:17 +08:00:     at Object.Module._extensions..js (internal/modules/cjs/loader.js:787:10)
2020-01-06 15:17 +08:00:     at Module.load (internal/modules/cjs/loader.js:643:32)
2020-01-06 15:17 +08:00:     at Function.Module._load (internal/modules/cjs/loader.js:556:12)
2020-01-06 15:17 +08:00: 
2020-01-06 15:17 +08:00: /Users/taleyoung/Documents/开发/NEXT/server/node_modules/ts-node/src/index.ts:293
2020-01-06 15:17 +08:00:     return new TSError(diagnosticText, diagnosticCodes)
2020-01-06 15:17 +08:00:            ^
2020-01-06 15:17 +08:00: TSError: ⨯ Unable to compile TypeScript:
2020-01-06 15:17 +08:00: error TS5058: The specified path does not exist: '/Users/taleyoung/Documents/开发/NEXT/server'.
2020-01-06 15:17 +08:00: 
2020-01-06 15:17 +08:00:     at createTSError (/Users/taleyoung/Documents/开发/NEXT/server/node_modules/ts-node/src/index.ts:293:12)
2020-01-06 15:17 +08:00:     at reportTSError (/Users/taleyoung/Documents/开发/NEXT/server/node_modules/ts-node/src/index.ts:297:19)
2020-01-06 15:17 +08:00:     at create (/Users/taleyoung/Documents/开发/NEXT/server/node_modules/ts-node/src/index.ts:308:36)
2020-01-06 15:17 +08:00:     at Object.register (/Users/taleyoung/Documents/开发/NEXT/server/node_modules/ts-node/src/index.ts:227:19)
2020-01-06 15:17 +08:00:     at main (/Users/taleyoung/Documents/开发/NEXT/server/node_modules/ts-node/src/bin.ts:150:19)
2020-01-06 15:17 +08:00:     at Object.<anonymous> (/Users/taleyoung/Documents/开发/NEXT/server/node_modules/ts-node/src/bin.ts:470:3)
2020-01-06 15:17 +08:00:     at Module._compile (internal/modules/cjs/loader.js:776:30)
2020-01-06 15:17 +08:00:     at Object.Module._extensions..js (internal/modules/cjs/loader.js:787:10)
2020-01-06 15:17 +08:00:     at Module.load (internal/modules/cjs/loader.js:643:32)
2020-01-06 15:17 +08:00:     at Function.Module._load (internal/modules/cjs/loader.js:556:12)
2020-01-06 15:17 +08:00: 
2020-01-06 15:17 +08:00: /Users/taleyoung/Documents/开发/NEXT/server/node_modules/ts-node/src/index.ts:293
2020-01-06 15:17 +08:00:     return new TSError(diagnosticText, diagnosticCodes)
2020-01-06 15:17 +08:00:            ^
2020-01-06 15:17 +08:00: TSError: ⨯ Unable to compile TypeScript:
2020-01-06 15:17 +08:00: error TS5058: The specified path does not exist: '/Users/taleyoung/Documents/开发/NEXT/server'.
2020-01-06 15:17 +08:00: 
2020-01-06 15:17 +08:00:     at createTSError (/Users/taleyoung/Documents/开发/NEXT/server/node_modules/ts-node/src/index.ts:293:12)
2020-01-06 15:17 +08:00:     at reportTSError (/Users/taleyoung/Documents/开发/NEXT/server/node_modules/ts-node/src/index.ts:297:19)
2020-01-06 15:17 +08:00:     at create (/Users/taleyoung/Documents/开发/NEXT/server/node_modules/ts-node/src/index.ts:308:36)
2020-01-06 15:17 +08:00:     at Object.register (/Users/taleyoung/Documents/开发/NEXT/server/node_modules/ts-node/src/index.ts:227:19)
2020-01-06 15:17 +08:00:     at main (/Users/taleyoung/Documents/开发/NEXT/server/node_modules/ts-node/src/bin.ts:150:19)
2020-01-06 15:17 +08:00:     at Object.<anonymous> (/Users/taleyoung/Documents/开发/NEXT/server/node_modules/ts-node/src/bin.ts:470:3)
2020-01-06 15:17 +08:00:     at Module._compile (internal/modules/cjs/loader.js:776:30)
2020-01-06 15:17 +08:00:     at Object.Module._extensions..js (internal/modules/cjs/loader.js:787:10)
2020-01-06 15:17 +08:00:     at Module.load (internal/modules/cjs/loader.js:643:32)
2020-01-06 15:17 +08:00:     at Function.Module._load (internal/modules/cjs/loader.js:556:12)
2020-01-06 15:17 +08:00: 
2020-01-06 15:17 +08:00: /Users/taleyoung/Documents/开发/NEXT/server/node_modules/ts-node/src/index.ts:293
2020-01-06 15:17 +08:00:     return new TSError(diagnosticText, diagnosticCodes)
2020-01-06 15:17 +08:00:            ^
2020-01-06 15:17 +08:00: TSError: ⨯ Unable to compile TypeScript:
2020-01-06 15:17 +08:00: error TS5058: The specified path does not exist: '/Users/taleyoung/Documents/开发/NEXT/server'.
2020-01-06 15:17 +08:00: 
2020-01-06 15:17 +08:00:     at createTSError (/Users/taleyoung/Documents/开发/NEXT/server/node_modules/ts-node/src/index.ts:293:12)
2020-01-06 15:17 +08:00:     at reportTSError (/Users/taleyoung/Documents/开发/NEXT/server/node_modules/ts-node/src/index.ts:297:19)
2020-01-06 15:17 +08:00:     at create (/Users/taleyoung/Documents/开发/NEXT/server/node_modules/ts-node/src/index.ts:308:36)
2020-01-06 15:17 +08:00:     at Object.register (/Users/taleyoung/Documents/开发/NEXT/server/node_modules/ts-node/src/index.ts:227:19)
2020-01-06 15:17 +08:00:     at main (/Users/taleyoung/Documents/开发/NEXT/server/node_modules/ts-node/src/bin.ts:150:19)
2020-01-06 15:17 +08:00:     at Object.<anonymous> (/Users/taleyoung/Documents/开发/NEXT/server/node_modules/ts-node/src/bin.ts:470:3)
2020-01-06 15:17 +08:00:     at Module._compile (internal/modules/cjs/loader.js:776:30)
2020-01-06 15:17 +08:00:     at Object.Module._extensions..js (internal/modules/cjs/loader.js:787:10)
2020-01-06 15:17 +08:00:     at Module.load (internal/modules/cjs/loader.js:643:32)
2020-01-06 15:17 +08:00:     at Function.Module._load (internal/modules/cjs/loader.js:556:12)
2020-01-06 15:17 +08:00: 
2020-01-06 15:17 +08:00: /Users/taleyoung/Documents/开发/NEXT/server/node_modules/ts-node/src/index.ts:293
2020-01-06 15:17 +08:00:     return new TSError(diagnosticText, diagnosticCodes)
2020-01-06 15:17 +08:00:            ^
2020-01-06 15:17 +08:00: TSError: ⨯ Unable to compile TypeScript:
2020-01-06 15:17 +08:00: error TS5058: The specified path does not exist: '/Users/taleyoung/Documents/开发/NEXT/server'.
2020-01-06 15:17 +08:00: 
2020-01-06 15:17 +08:00:     at createTSError (/Users/taleyoung/Documents/开发/NEXT/server/node_modules/ts-node/src/index.ts:293:12)
2020-01-06 15:17 +08:00:     at reportTSError (/Users/taleyoung/Documents/开发/NEXT/server/node_modules/ts-node/src/index.ts:297:19)
2020-01-06 15:17 +08:00:     at create (/Users/taleyoung/Documents/开发/NEXT/server/node_modules/ts-node/src/index.ts:308:36)
2020-01-06 15:17 +08:00:     at Object.register (/Users/taleyoung/Documents/开发/NEXT/server/node_modules/ts-node/src/index.ts:227:19)
2020-01-06 15:17 +08:00:     at main (/Users/taleyoung/Documents/开发/NEXT/server/node_modules/ts-node/src/bin.ts:150:19)
2020-01-06 15:17 +08:00:     at Object.<anonymous> (/Users/taleyoung/Documents/开发/NEXT/server/node_modules/ts-node/src/bin.ts:470:3)
2020-01-06 15:17 +08:00:     at Module._compile (internal/modules/cjs/loader.js:776:30)
2020-01-06 15:17 +08:00:     at Object.Module._extensions..js (internal/modules/cjs/loader.js:787:10)
2020-01-06 15:17 +08:00:     at Module.load (internal/modules/cjs/loader.js:643:32)
2020-01-06 15:17 +08:00:     at Function.Module._load (internal/modules/cjs/loader.js:556:12)
2020-01-06 15:17 +08:00: 
2020-01-06 15:17 +08:00: /Users/taleyoung/Documents/开发/NEXT/server/node_modules/ts-node/src/index.ts:293
2020-01-06 15:17 +08:00:     return new TSError(diagnosticText, diagnosticCodes)
2020-01-06 15:17 +08:00:            ^
2020-01-06 15:17 +08:00: TSError: ⨯ Unable to compile TypeScript:
2020-01-06 15:17 +08:00: error TS5058: The specified path does not exist: '/Users/taleyoung/Documents/开发/NEXT/server'.
2020-01-06 15:17 +08:00: 
2020-01-06 15:17 +08:00:     at createTSError (/Users/taleyoung/Documents/开发/NEXT/server/node_modules/ts-node/src/index.ts:293:12)
2020-01-06 15:17 +08:00:     at reportTSError (/Users/taleyoung/Documents/开发/NEXT/server/node_modules/ts-node/src/index.ts:297:19)
2020-01-06 15:17 +08:00:     at create (/Users/taleyoung/Documents/开发/NEXT/server/node_modules/ts-node/src/index.ts:308:36)
2020-01-06 15:17 +08:00:     at Object.register (/Users/taleyoung/Documents/开发/NEXT/server/node_modules/ts-node/src/index.ts:227:19)
2020-01-06 15:17 +08:00:     at main (/Users/taleyoung/Documents/开发/NEXT/server/node_modules/ts-node/src/bin.ts:150:19)
2020-01-06 15:17 +08:00:     at Object.<anonymous> (/Users/taleyoung/Documents/开发/NEXT/server/node_modules/ts-node/src/bin.ts:470:3)
2020-01-06 15:17 +08:00:     at Module._compile (internal/modules/cjs/loader.js:776:30)
2020-01-06 15:17 +08:00:     at Object.Module._extensions..js (internal/modules/cjs/loader.js:787:10)
2020-01-06 15:17 +08:00:     at Module.load (internal/modules/cjs/loader.js:643:32)
2020-01-06 15:17 +08:00:     at Function.Module._load (internal/modules/cjs/loader.js:556:12)
2020-01-06 15:17 +08:00: 
2020-01-06 15:17 +08:00: /Users/taleyoung/Documents/开发/NEXT/server/node_modules/ts-node/src/index.ts:293
2020-01-06 15:17 +08:00:     return new TSError(diagnosticText, diagnosticCodes)
2020-01-06 15:17 +08:00:            ^
2020-01-06 15:17 +08:00: TSError: ⨯ Unable to compile TypeScript:
2020-01-06 15:17 +08:00: error TS5058: The specified path does not exist: '/Users/taleyoung/Documents/开发/NEXT/server'.
2020-01-06 15:17 +08:00: 
2020-01-06 15:17 +08:00:     at createTSError (/Users/taleyoung/Documents/开发/NEXT/server/node_modules/ts-node/src/index.ts:293:12)
2020-01-06 15:17 +08:00:     at reportTSError (/Users/taleyoung/Documents/开发/NEXT/server/node_modules/ts-node/src/index.ts:297:19)
2020-01-06 15:17 +08:00:     at create (/Users/taleyoung/Documents/开发/NEXT/server/node_modules/ts-node/src/index.ts:308:36)
2020-01-06 15:17 +08:00:     at Object.register (/Users/taleyoung/Documents/开发/NEXT/server/node_modules/ts-node/src/index.ts:227:19)
2020-01-06 15:17 +08:00:     at main (/Users/taleyoung/Documents/开发/NEXT/server/node_modules/ts-node/src/bin.ts:150:19)
2020-01-06 15:17 +08:00:     at Object.<anonymous> (/Users/taleyoung/Documents/开发/NEXT/server/node_modules/ts-node/src/bin.ts:470:3)
2020-01-06 15:17 +08:00:     at Module._compile (internal/modules/cjs/loader.js:776:30)
2020-01-06 15:17 +08:00:     at Object.Module._extensions..js (internal/modules/cjs/loader.js:787:10)
2020-01-06 15:17 +08:00:     at Module.load (internal/modules/cjs/loader.js:643:32)
2020-01-06 15:17 +08:00:     at Function.Module._load (internal/modules/cjs/loader.js:556:12)
2020-01-06 15:17 +08:00: 
2020-01-06 15:17 +08:00: /Users/taleyoung/Documents/开发/NEXT/server/node_modules/ts-node/src/index.ts:293
2020-01-06 15:17 +08:00:     return new TSError(diagnosticText, diagnosticCodes)
2020-01-06 15:17 +08:00:            ^
2020-01-06 15:17 +08:00: TSError: ⨯ Unable to compile TypeScript:
2020-01-06 15:17 +08:00: error TS5058: The specified path does not exist: '/Users/taleyoung/Documents/开发/NEXT/server'.
2020-01-06 15:17 +08:00: 
2020-01-06 15:17 +08:00:     at createTSError (/Users/taleyoung/Documents/开发/NEXT/server/node_modules/ts-node/src/index.ts:293:12)
2020-01-06 15:17 +08:00:     at reportTSError (/Users/taleyoung/Documents/开发/NEXT/server/node_modules/ts-node/src/index.ts:297:19)
2020-01-06 15:17 +08:00:     at create (/Users/taleyoung/Documents/开发/NEXT/server/node_modules/ts-node/src/index.ts:308:36)
2020-01-06 15:17 +08:00:     at Object.register (/Users/taleyoung/Documents/开发/NEXT/server/node_modules/ts-node/src/index.ts:227:19)
2020-01-06 15:17 +08:00:     at main (/Users/taleyoung/Documents/开发/NEXT/server/node_modules/ts-node/src/bin.ts:150:19)
2020-01-06 15:17 +08:00:     at Object.<anonymous> (/Users/taleyoung/Documents/开发/NEXT/server/node_modules/ts-node/src/bin.ts:470:3)
2020-01-06 15:17 +08:00:     at Module._compile (internal/modules/cjs/loader.js:776:30)
2020-01-06 15:17 +08:00:     at Object.Module._extensions..js (internal/modules/cjs/loader.js:787:10)
2020-01-06 15:17 +08:00:     at Module.load (internal/modules/cjs/loader.js:643:32)
2020-01-06 15:17 +08:00:     at Function.Module._load (internal/modules/cjs/loader.js:556:12)
2020-01-06 15:17 +08:00: 
2020-01-06 15:17 +08:00: /Users/taleyoung/Documents/开发/NEXT/server/node_modules/ts-node/src/index.ts:293
2020-01-06 15:17 +08:00:     return new TSError(diagnosticText, diagnosticCodes)
2020-01-06 15:17 +08:00:            ^
2020-01-06 15:17 +08:00: TSError: ⨯ Unable to compile TypeScript:
2020-01-06 15:17 +08:00: error TS5058: The specified path does not exist: '/Users/taleyoung/Documents/开发/NEXT/server'.
2020-01-06 15:17 +08:00: 
2020-01-06 15:17 +08:00:     at createTSError (/Users/taleyoung/Documents/开发/NEXT/server/node_modules/ts-node/src/index.ts:293:12)
2020-01-06 15:17 +08:00:     at reportTSError (/Users/taleyoung/Documents/开发/NEXT/server/node_modules/ts-node/src/index.ts:297:19)
2020-01-06 15:17 +08:00:     at create (/Users/taleyoung/Documents/开发/NEXT/server/node_modules/ts-node/src/index.ts:308:36)
2020-01-06 15:17 +08:00:     at Object.register (/Users/taleyoung/Documents/开发/NEXT/server/node_modules/ts-node/src/index.ts:227:19)
2020-01-06 15:17 +08:00:     at main (/Users/taleyoung/Documents/开发/NEXT/server/node_modules/ts-node/src/bin.ts:150:19)
2020-01-06 15:17 +08:00:     at Object.<anonymous> (/Users/taleyoung/Documents/开发/NEXT/server/node_modules/ts-node/src/bin.ts:470:3)
2020-01-06 15:17 +08:00:     at Module._compile (internal/modules/cjs/loader.js:776:30)
2020-01-06 15:17 +08:00:     at Object.Module._extensions..js (internal/modules/cjs/loader.js:787:10)
2020-01-06 15:17 +08:00:     at Module.load (internal/modules/cjs/loader.js:643:32)
2020-01-06 15:17 +08:00:     at Function.Module._load (internal/modules/cjs/loader.js:556:12)
2020-01-06 15:17 +08:00: 
2020-01-06 15:17 +08:00: /Users/taleyoung/Documents/开发/NEXT/server/node_modules/ts-node/src/index.ts:293
2020-01-06 15:17 +08:00:     return new TSError(diagnosticText, diagnosticCodes)
2020-01-06 15:17 +08:00:            ^
2020-01-06 15:17 +08:00: TSError: ⨯ Unable to compile TypeScript:
2020-01-06 15:17 +08:00: error TS5058: The specified path does not exist: '/Users/taleyoung/Documents/开发/NEXT/server'.
2020-01-06 15:17 +08:00: 
2020-01-06 15:17 +08:00:     at createTSError (/Users/taleyoung/Documents/开发/NEXT/server/node_modules/ts-node/src/index.ts:293:12)
2020-01-06 15:17 +08:00:     at reportTSError (/Users/taleyoung/Documents/开发/NEXT/server/node_modules/ts-node/src/index.ts:297:19)
2020-01-06 15:17 +08:00:     at create (/Users/taleyoung/Documents/开发/NEXT/server/node_modules/ts-node/src/index.ts:308:36)
2020-01-06 15:17 +08:00:     at Object.register (/Users/taleyoung/Documents/开发/NEXT/server/node_modules/ts-node/src/index.ts:227:19)
2020-01-06 15:17 +08:00:     at main (/Users/taleyoung/Documents/开发/NEXT/server/node_modules/ts-node/src/bin.ts:150:19)
2020-01-06 15:17 +08:00:     at Object.<anonymous> (/Users/taleyoung/Documents/开发/NEXT/server/node_modules/ts-node/src/bin.ts:470:3)
2020-01-06 15:17 +08:00:     at Module._compile (internal/modules/cjs/loader.js:776:30)
2020-01-06 15:17 +08:00:     at Object.Module._extensions..js (internal/modules/cjs/loader.js:787:10)
2020-01-06 15:17 +08:00:     at Module.load (internal/modules/cjs/loader.js:643:32)
2020-01-06 15:17 +08:00:     at Function.Module._load (internal/modules/cjs/loader.js:556:12)
2020-01-06 15:27 +08:00: 
2020-01-06 15:27 +08:00: /Users/taleyoung/Documents/开发/NEXT/server/node_modules/ts-node/src/index.ts:293
2020-01-06 15:27 +08:00:     return new TSError(diagnosticText, diagnosticCodes)
2020-01-06 15:27 +08:00:            ^
2020-01-06 15:27 +08:00: TSError: ⨯ Unable to compile TypeScript:
2020-01-06 15:27 +08:00: error TS5058: The specified path does not exist: '/Users/taleyoung/Documents/开发/NEXT/server'.
2020-01-06 15:27 +08:00: 
2020-01-06 15:27 +08:00:     at createTSError (/Users/taleyoung/Documents/开发/NEXT/server/node_modules/ts-node/src/index.ts:293:12)
2020-01-06 15:27 +08:00:     at reportTSError (/Users/taleyoung/Documents/开发/NEXT/server/node_modules/ts-node/src/index.ts:297:19)
2020-01-06 15:27 +08:00:     at create (/Users/taleyoung/Documents/开发/NEXT/server/node_modules/ts-node/src/index.ts:308:36)
2020-01-06 15:27 +08:00:     at Object.register (/Users/taleyoung/Documents/开发/NEXT/server/node_modules/ts-node/src/index.ts:227:19)
2020-01-06 15:27 +08:00:     at main (/Users/taleyoung/Documents/开发/NEXT/server/node_modules/ts-node/src/bin.ts:150:19)
2020-01-06 15:27 +08:00:     at Object.<anonymous> (/Users/taleyoung/Documents/开发/NEXT/server/node_modules/ts-node/src/bin.ts:470:3)
2020-01-06 15:27 +08:00:     at Module._compile (internal/modules/cjs/loader.js:776:30)
2020-01-06 15:27 +08:00:     at Object.Module._extensions..js (internal/modules/cjs/loader.js:787:10)
2020-01-06 15:27 +08:00:     at Module.load (internal/modules/cjs/loader.js:643:32)
2020-01-06 15:27 +08:00:     at Function.Module._load (internal/modules/cjs/loader.js:556:12)
2020-01-06 15:27 +08:00: 
2020-01-06 15:27 +08:00: /Users/taleyoung/Documents/开发/NEXT/server/node_modules/ts-node/src/index.ts:293
2020-01-06 15:27 +08:00:     return new TSError(diagnosticText, diagnosticCodes)
2020-01-06 15:27 +08:00:            ^
2020-01-06 15:27 +08:00: TSError: ⨯ Unable to compile TypeScript:
2020-01-06 15:27 +08:00: error TS5058: The specified path does not exist: '/Users/taleyoung/Documents/开发/NEXT/server'.
2020-01-06 15:27 +08:00: 
2020-01-06 15:27 +08:00:     at createTSError (/Users/taleyoung/Documents/开发/NEXT/server/node_modules/ts-node/src/index.ts:293:12)
2020-01-06 15:27 +08:00:     at reportTSError (/Users/taleyoung/Documents/开发/NEXT/server/node_modules/ts-node/src/index.ts:297:19)
2020-01-06 15:27 +08:00:     at create (/Users/taleyoung/Documents/开发/NEXT/server/node_modules/ts-node/src/index.ts:308:36)
2020-01-06 15:27 +08:00:     at Object.register (/Users/taleyoung/Documents/开发/NEXT/server/node_modules/ts-node/src/index.ts:227:19)
2020-01-06 15:27 +08:00:     at main (/Users/taleyoung/Documents/开发/NEXT/server/node_modules/ts-node/src/bin.ts:150:19)
2020-01-06 15:27 +08:00:     at Object.<anonymous> (/Users/taleyoung/Documents/开发/NEXT/server/node_modules/ts-node/src/bin.ts:470:3)
2020-01-06 15:27 +08:00:     at Module._compile (internal/modules/cjs/loader.js:776:30)
2020-01-06 15:27 +08:00:     at Object.Module._extensions..js (internal/modules/cjs/loader.js:787:10)
2020-01-06 15:27 +08:00:     at Module.load (internal/modules/cjs/loader.js:643:32)
2020-01-06 15:27 +08:00:     at Function.Module._load (internal/modules/cjs/loader.js:556:12)
2020-01-06 15:27 +08:00: 
2020-01-06 15:27 +08:00: /Users/taleyoung/Documents/开发/NEXT/server/node_modules/ts-node/src/index.ts:293
2020-01-06 15:27 +08:00:     return new TSError(diagnosticText, diagnosticCodes)
2020-01-06 15:27 +08:00:            ^
2020-01-06 15:27 +08:00: TSError: ⨯ Unable to compile TypeScript:
2020-01-06 15:27 +08:00: error TS5058: The specified path does not exist: '/Users/taleyoung/Documents/开发/NEXT/server'.
2020-01-06 15:27 +08:00: 
2020-01-06 15:27 +08:00:     at createTSError (/Users/taleyoung/Documents/开发/NEXT/server/node_modules/ts-node/src/index.ts:293:12)
2020-01-06 15:27 +08:00:     at reportTSError (/Users/taleyoung/Documents/开发/NEXT/server/node_modules/ts-node/src/index.ts:297:19)
2020-01-06 15:27 +08:00:     at create (/Users/taleyoung/Documents/开发/NEXT/server/node_modules/ts-node/src/index.ts:308:36)
2020-01-06 15:27 +08:00:     at Object.register (/Users/taleyoung/Documents/开发/NEXT/server/node_modules/ts-node/src/index.ts:227:19)
2020-01-06 15:27 +08:00:     at main (/Users/taleyoung/Documents/开发/NEXT/server/node_modules/ts-node/src/bin.ts:150:19)
2020-01-06 15:27 +08:00:     at Object.<anonymous> (/Users/taleyoung/Documents/开发/NEXT/server/node_modules/ts-node/src/bin.ts:470:3)
2020-01-06 15:27 +08:00:     at Module._compile (internal/modules/cjs/loader.js:776:30)
2020-01-06 15:27 +08:00:     at Object.Module._extensions..js (internal/modules/cjs/loader.js:787:10)
2020-01-06 15:27 +08:00:     at Module.load (internal/modules/cjs/loader.js:643:32)
2020-01-06 15:27 +08:00:     at Function.Module._load (internal/modules/cjs/loader.js:556:12)
2020-01-06 15:27 +08:00: 
2020-01-06 15:27 +08:00: /Users/taleyoung/Documents/开发/NEXT/server/node_modules/ts-node/src/index.ts:293
2020-01-06 15:27 +08:00:     return new TSError(diagnosticText, diagnosticCodes)
2020-01-06 15:27 +08:00:            ^
2020-01-06 15:27 +08:00: TSError: ⨯ Unable to compile TypeScript:
2020-01-06 15:27 +08:00: error TS5058: The specified path does not exist: '/Users/taleyoung/Documents/开发/NEXT/server'.
2020-01-06 15:27 +08:00: 
2020-01-06 15:27 +08:00:     at createTSError (/Users/taleyoung/Documents/开发/NEXT/server/node_modules/ts-node/src/index.ts:293:12)
2020-01-06 15:27 +08:00:     at reportTSError (/Users/taleyoung/Documents/开发/NEXT/server/node_modules/ts-node/src/index.ts:297:19)
2020-01-06 15:27 +08:00:     at create (/Users/taleyoung/Documents/开发/NEXT/server/node_modules/ts-node/src/index.ts:308:36)
2020-01-06 15:27 +08:00:     at Object.register (/Users/taleyoung/Documents/开发/NEXT/server/node_modules/ts-node/src/index.ts:227:19)
2020-01-06 15:27 +08:00:     at main (/Users/taleyoung/Documents/开发/NEXT/server/node_modules/ts-node/src/bin.ts:150:19)
2020-01-06 15:27 +08:00:     at Object.<anonymous> (/Users/taleyoung/Documents/开发/NEXT/server/node_modules/ts-node/src/bin.ts:470:3)
2020-01-06 15:27 +08:00:     at Module._compile (internal/modules/cjs/loader.js:776:30)
2020-01-06 15:27 +08:00:     at Object.Module._extensions..js (internal/modules/cjs/loader.js:787:10)
2020-01-06 15:27 +08:00:     at Module.load (internal/modules/cjs/loader.js:643:32)
2020-01-06 15:27 +08:00:     at Function.Module._load (internal/modules/cjs/loader.js:556:12)
2020-01-06 15:27 +08:00: 
2020-01-06 15:27 +08:00: /Users/taleyoung/Documents/开发/NEXT/server/node_modules/ts-node/src/index.ts:293
2020-01-06 15:27 +08:00:     return new TSError(diagnosticText, diagnosticCodes)
2020-01-06 15:27 +08:00:            ^
2020-01-06 15:27 +08:00: TSError: ⨯ Unable to compile TypeScript:
2020-01-06 15:27 +08:00: error TS5058: The specified path does not exist: '/Users/taleyoung/Documents/开发/NEXT/server'.
2020-01-06 15:27 +08:00: 
2020-01-06 15:27 +08:00:     at createTSError (/Users/taleyoung/Documents/开发/NEXT/server/node_modules/ts-node/src/index.ts:293:12)
2020-01-06 15:27 +08:00:     at reportTSError (/Users/taleyoung/Documents/开发/NEXT/server/node_modules/ts-node/src/index.ts:297:19)
2020-01-06 15:27 +08:00:     at create (/Users/taleyoung/Documents/开发/NEXT/server/node_modules/ts-node/src/index.ts:308:36)
2020-01-06 15:27 +08:00:     at Object.register (/Users/taleyoung/Documents/开发/NEXT/server/node_modules/ts-node/src/index.ts:227:19)
2020-01-06 15:27 +08:00:     at main (/Users/taleyoung/Documents/开发/NEXT/server/node_modules/ts-node/src/bin.ts:150:19)
2020-01-06 15:27 +08:00:     at Object.<anonymous> (/Users/taleyoung/Documents/开发/NEXT/server/node_modules/ts-node/src/bin.ts:470:3)
2020-01-06 15:27 +08:00:     at Module._compile (internal/modules/cjs/loader.js:776:30)
2020-01-06 15:27 +08:00:     at Object.Module._extensions..js (internal/modules/cjs/loader.js:787:10)
2020-01-06 15:27 +08:00:     at Module.load (internal/modules/cjs/loader.js:643:32)
2020-01-06 15:27 +08:00:     at Function.Module._load (internal/modules/cjs/loader.js:556:12)
2020-01-06 15:27 +08:00: 
2020-01-06 15:27 +08:00: /Users/taleyoung/Documents/开发/NEXT/server/node_modules/ts-node/src/index.ts:293
2020-01-06 15:27 +08:00:     return new TSError(diagnosticText, diagnosticCodes)
2020-01-06 15:27 +08:00:            ^
2020-01-06 15:27 +08:00: TSError: ⨯ Unable to compile TypeScript:
2020-01-06 15:27 +08:00: error TS5058: The specified path does not exist: '/Users/taleyoung/Documents/开发/NEXT/server'.
2020-01-06 15:27 +08:00: 
2020-01-06 15:27 +08:00:     at createTSError (/Users/taleyoung/Documents/开发/NEXT/server/node_modules/ts-node/src/index.ts:293:12)
2020-01-06 15:27 +08:00:     at reportTSError (/Users/taleyoung/Documents/开发/NEXT/server/node_modules/ts-node/src/index.ts:297:19)
2020-01-06 15:27 +08:00:     at create (/Users/taleyoung/Documents/开发/NEXT/server/node_modules/ts-node/src/index.ts:308:36)
2020-01-06 15:27 +08:00:     at Object.register (/Users/taleyoung/Documents/开发/NEXT/server/node_modules/ts-node/src/index.ts:227:19)
2020-01-06 15:27 +08:00:     at main (/Users/taleyoung/Documents/开发/NEXT/server/node_modules/ts-node/src/bin.ts:150:19)
2020-01-06 15:27 +08:00:     at Object.<anonymous> (/Users/taleyoung/Documents/开发/NEXT/server/node_modules/ts-node/src/bin.ts:470:3)
2020-01-06 15:27 +08:00:     at Module._compile (internal/modules/cjs/loader.js:776:30)
2020-01-06 15:27 +08:00:     at Object.Module._extensions..js (internal/modules/cjs/loader.js:787:10)
2020-01-06 15:27 +08:00:     at Module.load (internal/modules/cjs/loader.js:643:32)
2020-01-06 15:27 +08:00:     at Function.Module._load (internal/modules/cjs/loader.js:556:12)
2020-01-06 15:27 +08:00: 
2020-01-06 15:27 +08:00: /Users/taleyoung/Documents/开发/NEXT/server/node_modules/ts-node/src/index.ts:293
2020-01-06 15:27 +08:00:     return new TSError(diagnosticText, diagnosticCodes)
2020-01-06 15:27 +08:00:            ^
2020-01-06 15:27 +08:00: TSError: ⨯ Unable to compile TypeScript:
2020-01-06 15:27 +08:00: error TS5058: The specified path does not exist: '/Users/taleyoung/Documents/开发/NEXT/server'.
2020-01-06 15:27 +08:00: 
2020-01-06 15:27 +08:00:     at createTSError (/Users/taleyoung/Documents/开发/NEXT/server/node_modules/ts-node/src/index.ts:293:12)
2020-01-06 15:27 +08:00:     at reportTSError (/Users/taleyoung/Documents/开发/NEXT/server/node_modules/ts-node/src/index.ts:297:19)
2020-01-06 15:27 +08:00:     at create (/Users/taleyoung/Documents/开发/NEXT/server/node_modules/ts-node/src/index.ts:308:36)
2020-01-06 15:27 +08:00:     at Object.register (/Users/taleyoung/Documents/开发/NEXT/server/node_modules/ts-node/src/index.ts:227:19)
2020-01-06 15:27 +08:00:     at main (/Users/taleyoung/Documents/开发/NEXT/server/node_modules/ts-node/src/bin.ts:150:19)
2020-01-06 15:27 +08:00:     at Object.<anonymous> (/Users/taleyoung/Documents/开发/NEXT/server/node_modules/ts-node/src/bin.ts:470:3)
2020-01-06 15:27 +08:00:     at Module._compile (internal/modules/cjs/loader.js:776:30)
2020-01-06 15:27 +08:00:     at Object.Module._extensions..js (internal/modules/cjs/loader.js:787:10)
2020-01-06 15:27 +08:00:     at Module.load (internal/modules/cjs/loader.js:643:32)
2020-01-06 15:27 +08:00:     at Function.Module._load (internal/modules/cjs/loader.js:556:12)
2020-01-06 15:27 +08:00: 
2020-01-06 15:27 +08:00: /Users/taleyoung/Documents/开发/NEXT/server/node_modules/ts-node/src/index.ts:293
2020-01-06 15:27 +08:00:     return new TSError(diagnosticText, diagnosticCodes)
2020-01-06 15:27 +08:00:            ^
2020-01-06 15:27 +08:00: TSError: ⨯ Unable to compile TypeScript:
2020-01-06 15:27 +08:00: error TS5058: The specified path does not exist: '/Users/taleyoung/Documents/开发/NEXT/server'.
2020-01-06 15:27 +08:00: 
2020-01-06 15:27 +08:00:     at createTSError (/Users/taleyoung/Documents/开发/NEXT/server/node_modules/ts-node/src/index.ts:293:12)
2020-01-06 15:27 +08:00:     at reportTSError (/Users/taleyoung/Documents/开发/NEXT/server/node_modules/ts-node/src/index.ts:297:19)
2020-01-06 15:27 +08:00:     at create (/Users/taleyoung/Documents/开发/NEXT/server/node_modules/ts-node/src/index.ts:308:36)
2020-01-06 15:27 +08:00:     at Object.register (/Users/taleyoung/Documents/开发/NEXT/server/node_modules/ts-node/src/index.ts:227:19)
2020-01-06 15:27 +08:00:     at main (/Users/taleyoung/Documents/开发/NEXT/server/node_modules/ts-node/src/bin.ts:150:19)
2020-01-06 15:27 +08:00:     at Object.<anonymous> (/Users/taleyoung/Documents/开发/NEXT/server/node_modules/ts-node/src/bin.ts:470:3)
2020-01-06 15:27 +08:00:     at Module._compile (internal/modules/cjs/loader.js:776:30)
2020-01-06 15:27 +08:00:     at Object.Module._extensions..js (internal/modules/cjs/loader.js:787:10)
2020-01-06 15:27 +08:00:     at Module.load (internal/modules/cjs/loader.js:643:32)
2020-01-06 15:27 +08:00:     at Function.Module._load (internal/modules/cjs/loader.js:556:12)
2020-01-06 15:27 +08:00: 
2020-01-06 15:27 +08:00: /Users/taleyoung/Documents/开发/NEXT/server/node_modules/ts-node/src/index.ts:293
2020-01-06 15:27 +08:00:     return new TSError(diagnosticText, diagnosticCodes)
2020-01-06 15:27 +08:00:            ^
2020-01-06 15:27 +08:00: TSError: ⨯ Unable to compile TypeScript:
2020-01-06 15:27 +08:00: error TS5058: The specified path does not exist: '/Users/taleyoung/Documents/开发/NEXT/server'.
2020-01-06 15:27 +08:00: 
2020-01-06 15:27 +08:00:     at createTSError (/Users/taleyoung/Documents/开发/NEXT/server/node_modules/ts-node/src/index.ts:293:12)
2020-01-06 15:27 +08:00:     at reportTSError (/Users/taleyoung/Documents/开发/NEXT/server/node_modules/ts-node/src/index.ts:297:19)
2020-01-06 15:27 +08:00:     at create (/Users/taleyoung/Documents/开发/NEXT/server/node_modules/ts-node/src/index.ts:308:36)
2020-01-06 15:27 +08:00:     at Object.register (/Users/taleyoung/Documents/开发/NEXT/server/node_modules/ts-node/src/index.ts:227:19)
2020-01-06 15:27 +08:00:     at main (/Users/taleyoung/Documents/开发/NEXT/server/node_modules/ts-node/src/bin.ts:150:19)
2020-01-06 15:27 +08:00:     at Object.<anonymous> (/Users/taleyoung/Documents/开发/NEXT/server/node_modules/ts-node/src/bin.ts:470:3)
2020-01-06 15:27 +08:00:     at Module._compile (internal/modules/cjs/loader.js:776:30)
2020-01-06 15:27 +08:00:     at Object.Module._extensions..js (internal/modules/cjs/loader.js:787:10)
2020-01-06 15:27 +08:00:     at Module.load (internal/modules/cjs/loader.js:643:32)
2020-01-06 15:27 +08:00:     at Function.Module._load (internal/modules/cjs/loader.js:556:12)
2020-01-06 15:27 +08:00: 
2020-01-06 15:27 +08:00: /Users/taleyoung/Documents/开发/NEXT/server/node_modules/ts-node/src/index.ts:293
2020-01-06 15:27 +08:00:     return new TSError(diagnosticText, diagnosticCodes)
2020-01-06 15:27 +08:00:            ^
2020-01-06 15:27 +08:00: TSError: ⨯ Unable to compile TypeScript:
2020-01-06 15:27 +08:00: error TS5058: The specified path does not exist: '/Users/taleyoung/Documents/开发/NEXT/server'.
2020-01-06 15:27 +08:00: 
2020-01-06 15:27 +08:00:     at createTSError (/Users/taleyoung/Documents/开发/NEXT/server/node_modules/ts-node/src/index.ts:293:12)
2020-01-06 15:27 +08:00:     at reportTSError (/Users/taleyoung/Documents/开发/NEXT/server/node_modules/ts-node/src/index.ts:297:19)
2020-01-06 15:27 +08:00:     at create (/Users/taleyoung/Documents/开发/NEXT/server/node_modules/ts-node/src/index.ts:308:36)
2020-01-06 15:27 +08:00:     at Object.register (/Users/taleyoung/Documents/开发/NEXT/server/node_modules/ts-node/src/index.ts:227:19)
2020-01-06 15:27 +08:00:     at main (/Users/taleyoung/Documents/开发/NEXT/server/node_modules/ts-node/src/bin.ts:150:19)
2020-01-06 15:27 +08:00:     at Object.<anonymous> (/Users/taleyoung/Documents/开发/NEXT/server/node_modules/ts-node/src/bin.ts:470:3)
2020-01-06 15:27 +08:00:     at Module._compile (internal/modules/cjs/loader.js:776:30)
2020-01-06 15:27 +08:00:     at Object.Module._extensions..js (internal/modules/cjs/loader.js:787:10)
2020-01-06 15:27 +08:00:     at Module.load (internal/modules/cjs/loader.js:643:32)
2020-01-06 15:27 +08:00:     at Function.Module._load (internal/modules/cjs/loader.js:556:12)
2020-01-06 15:27 +08:00: 
2020-01-06 15:27 +08:00: /Users/taleyoung/Documents/开发/NEXT/server/node_modules/ts-node/src/index.ts:293
2020-01-06 15:27 +08:00:     return new TSError(diagnosticText, diagnosticCodes)
2020-01-06 15:27 +08:00:            ^
2020-01-06 15:27 +08:00: TSError: ⨯ Unable to compile TypeScript:
2020-01-06 15:27 +08:00: error TS5058: The specified path does not exist: '/Users/taleyoung/Documents/开发/NEXT/server'.
2020-01-06 15:27 +08:00: 
2020-01-06 15:27 +08:00:     at createTSError (/Users/taleyoung/Documents/开发/NEXT/server/node_modules/ts-node/src/index.ts:293:12)
2020-01-06 15:27 +08:00:     at reportTSError (/Users/taleyoung/Documents/开发/NEXT/server/node_modules/ts-node/src/index.ts:297:19)
2020-01-06 15:27 +08:00:     at create (/Users/taleyoung/Documents/开发/NEXT/server/node_modules/ts-node/src/index.ts:308:36)
2020-01-06 15:27 +08:00:     at Object.register (/Users/taleyoung/Documents/开发/NEXT/server/node_modules/ts-node/src/index.ts:227:19)
2020-01-06 15:27 +08:00:     at main (/Users/taleyoung/Documents/开发/NEXT/server/node_modules/ts-node/src/bin.ts:150:19)
2020-01-06 15:27 +08:00:     at Object.<anonymous> (/Users/taleyoung/Documents/开发/NEXT/server/node_modules/ts-node/src/bin.ts:470:3)
2020-01-06 15:27 +08:00:     at Module._compile (internal/modules/cjs/loader.js:776:30)
2020-01-06 15:27 +08:00:     at Object.Module._extensions..js (internal/modules/cjs/loader.js:787:10)
2020-01-06 15:27 +08:00:     at Module.load (internal/modules/cjs/loader.js:643:32)
2020-01-06 15:27 +08:00:     at Function.Module._load (internal/modules/cjs/loader.js:556:12)
2020-01-06 15:27 +08:00: 
2020-01-06 15:27 +08:00: /Users/taleyoung/Documents/开发/NEXT/server/node_modules/ts-node/src/index.ts:293
2020-01-06 15:27 +08:00:     return new TSError(diagnosticText, diagnosticCodes)
2020-01-06 15:27 +08:00:            ^
2020-01-06 15:27 +08:00: TSError: ⨯ Unable to compile TypeScript:
2020-01-06 15:27 +08:00: error TS5058: The specified path does not exist: '/Users/taleyoung/Documents/开发/NEXT/server'.
2020-01-06 15:27 +08:00: 
2020-01-06 15:27 +08:00:     at createTSError (/Users/taleyoung/Documents/开发/NEXT/server/node_modules/ts-node/src/index.ts:293:12)
2020-01-06 15:27 +08:00:     at reportTSError (/Users/taleyoung/Documents/开发/NEXT/server/node_modules/ts-node/src/index.ts:297:19)
2020-01-06 15:27 +08:00:     at create (/Users/taleyoung/Documents/开发/NEXT/server/node_modules/ts-node/src/index.ts:308:36)
2020-01-06 15:27 +08:00:     at Object.register (/Users/taleyoung/Documents/开发/NEXT/server/node_modules/ts-node/src/index.ts:227:19)
2020-01-06 15:27 +08:00:     at main (/Users/taleyoung/Documents/开发/NEXT/server/node_modules/ts-node/src/bin.ts:150:19)
2020-01-06 15:27 +08:00:     at Object.<anonymous> (/Users/taleyoung/Documents/开发/NEXT/server/node_modules/ts-node/src/bin.ts:470:3)
2020-01-06 15:27 +08:00:     at Module._compile (internal/modules/cjs/loader.js:776:30)
2020-01-06 15:27 +08:00:     at Object.Module._extensions..js (internal/modules/cjs/loader.js:787:10)
2020-01-06 15:27 +08:00:     at Module.load (internal/modules/cjs/loader.js:643:32)
2020-01-06 15:27 +08:00:     at Function.Module._load (internal/modules/cjs/loader.js:556:12)
2020-01-06 15:27 +08:00: 
2020-01-06 15:27 +08:00: /Users/taleyoung/Documents/开发/NEXT/server/node_modules/ts-node/src/index.ts:293
2020-01-06 15:27 +08:00:     return new TSError(diagnosticText, diagnosticCodes)
2020-01-06 15:27 +08:00:            ^
2020-01-06 15:27 +08:00: TSError: ⨯ Unable to compile TypeScript:
2020-01-06 15:27 +08:00: error TS5058: The specified path does not exist: '/Users/taleyoung/Documents/开发/NEXT/server'.
2020-01-06 15:27 +08:00: 
2020-01-06 15:27 +08:00:     at createTSError (/Users/taleyoung/Documents/开发/NEXT/server/node_modules/ts-node/src/index.ts:293:12)
2020-01-06 15:27 +08:00:     at reportTSError (/Users/taleyoung/Documents/开发/NEXT/server/node_modules/ts-node/src/index.ts:297:19)
2020-01-06 15:27 +08:00:     at create (/Users/taleyoung/Documents/开发/NEXT/server/node_modules/ts-node/src/index.ts:308:36)
2020-01-06 15:27 +08:00:     at Object.register (/Users/taleyoung/Documents/开发/NEXT/server/node_modules/ts-node/src/index.ts:227:19)
2020-01-06 15:27 +08:00:     at main (/Users/taleyoung/Documents/开发/NEXT/server/node_modules/ts-node/src/bin.ts:150:19)
2020-01-06 15:27 +08:00:     at Object.<anonymous> (/Users/taleyoung/Documents/开发/NEXT/server/node_modules/ts-node/src/bin.ts:470:3)
2020-01-06 15:27 +08:00:     at Module._compile (internal/modules/cjs/loader.js:776:30)
2020-01-06 15:27 +08:00:     at Object.Module._extensions..js (internal/modules/cjs/loader.js:787:10)
2020-01-06 15:27 +08:00:     at Module.load (internal/modules/cjs/loader.js:643:32)
2020-01-06 15:27 +08:00:     at Function.Module._load (internal/modules/cjs/loader.js:556:12)
2020-01-06 15:27 +08:00: 
2020-01-06 15:27 +08:00: /Users/taleyoung/Documents/开发/NEXT/server/node_modules/ts-node/src/index.ts:293
2020-01-06 15:27 +08:00:     return new TSError(diagnosticText, diagnosticCodes)
2020-01-06 15:27 +08:00:            ^
2020-01-06 15:27 +08:00: TSError: ⨯ Unable to compile TypeScript:
2020-01-06 15:27 +08:00: error TS5058: The specified path does not exist: '/Users/taleyoung/Documents/开发/NEXT/server'.
2020-01-06 15:27 +08:00: 
2020-01-06 15:27 +08:00:     at createTSError (/Users/taleyoung/Documents/开发/NEXT/server/node_modules/ts-node/src/index.ts:293:12)
2020-01-06 15:27 +08:00:     at reportTSError (/Users/taleyoung/Documents/开发/NEXT/server/node_modules/ts-node/src/index.ts:297:19)
2020-01-06 15:27 +08:00:     at create (/Users/taleyoung/Documents/开发/NEXT/server/node_modules/ts-node/src/index.ts:308:36)
2020-01-06 15:27 +08:00:     at Object.register (/Users/taleyoung/Documents/开发/NEXT/server/node_modules/ts-node/src/index.ts:227:19)
2020-01-06 15:27 +08:00:     at main (/Users/taleyoung/Documents/开发/NEXT/server/node_modules/ts-node/src/bin.ts:150:19)
2020-01-06 15:27 +08:00:     at Object.<anonymous> (/Users/taleyoung/Documents/开发/NEXT/server/node_modules/ts-node/src/bin.ts:470:3)
2020-01-06 15:27 +08:00:     at Module._compile (internal/modules/cjs/loader.js:776:30)
2020-01-06 15:27 +08:00:     at Object.Module._extensions..js (internal/modules/cjs/loader.js:787:10)
2020-01-06 15:27 +08:00:     at Module.load (internal/modules/cjs/loader.js:643:32)
2020-01-06 15:27 +08:00:     at Function.Module._load (internal/modules/cjs/loader.js:556:12)
2020-01-06 15:27 +08:00: 
2020-01-06 15:27 +08:00: /Users/taleyoung/Documents/开发/NEXT/server/node_modules/ts-node/src/index.ts:293
2020-01-06 15:27 +08:00:     return new TSError(diagnosticText, diagnosticCodes)
2020-01-06 15:27 +08:00:            ^
2020-01-06 15:27 +08:00: TSError: ⨯ Unable to compile TypeScript:
2020-01-06 15:27 +08:00: error TS5058: The specified path does not exist: '/Users/taleyoung/Documents/开发/NEXT/server'.
2020-01-06 15:27 +08:00: 
2020-01-06 15:27 +08:00:     at createTSError (/Users/taleyoung/Documents/开发/NEXT/server/node_modules/ts-node/src/index.ts:293:12)
2020-01-06 15:27 +08:00:     at reportTSError (/Users/taleyoung/Documents/开发/NEXT/server/node_modules/ts-node/src/index.ts:297:19)
2020-01-06 15:27 +08:00:     at create (/Users/taleyoung/Documents/开发/NEXT/server/node_modules/ts-node/src/index.ts:308:36)
2020-01-06 15:27 +08:00:     at Object.register (/Users/taleyoung/Documents/开发/NEXT/server/node_modules/ts-node/src/index.ts:227:19)
2020-01-06 15:27 +08:00:     at main (/Users/taleyoung/Documents/开发/NEXT/server/node_modules/ts-node/src/bin.ts:150:19)
2020-01-06 15:27 +08:00:     at Object.<anonymous> (/Users/taleyoung/Documents/开发/NEXT/server/node_modules/ts-node/src/bin.ts:470:3)
2020-01-06 15:27 +08:00:     at Module._compile (internal/modules/cjs/loader.js:776:30)
2020-01-06 15:27 +08:00:     at Object.Module._extensions..js (internal/modules/cjs/loader.js:787:10)
2020-01-06 15:27 +08:00:     at Module.load (internal/modules/cjs/loader.js:643:32)
2020-01-06 15:27 +08:00:     at Function.Module._load (internal/modules/cjs/loader.js:556:12)
2020-01-06 15:27 +08:00: 
2020-01-06 15:27 +08:00: /Users/taleyoung/Documents/开发/NEXT/server/node_modules/ts-node/src/index.ts:293
2020-01-06 15:27 +08:00:     return new TSError(diagnosticText, diagnosticCodes)
2020-01-06 15:27 +08:00:            ^
2020-01-06 15:27 +08:00: TSError: ⨯ Unable to compile TypeScript:
2020-01-06 15:27 +08:00: error TS5058: The specified path does not exist: '/Users/taleyoung/Documents/开发/NEXT/server'.
2020-01-06 15:27 +08:00: 
2020-01-06 15:27 +08:00:     at createTSError (/Users/taleyoung/Documents/开发/NEXT/server/node_modules/ts-node/src/index.ts:293:12)
2020-01-06 15:27 +08:00:     at reportTSError (/Users/taleyoung/Documents/开发/NEXT/server/node_modules/ts-node/src/index.ts:297:19)
2020-01-06 15:27 +08:00:     at create (/Users/taleyoung/Documents/开发/NEXT/server/node_modules/ts-node/src/index.ts:308:36)
2020-01-06 15:27 +08:00:     at Object.register (/Users/taleyoung/Documents/开发/NEXT/server/node_modules/ts-node/src/index.ts:227:19)
2020-01-06 15:27 +08:00:     at main (/Users/taleyoung/Documents/开发/NEXT/server/node_modules/ts-node/src/bin.ts:150:19)
2020-01-06 15:27 +08:00:     at Object.<anonymous> (/Users/taleyoung/Documents/开发/NEXT/server/node_modules/ts-node/src/bin.ts:470:3)
2020-01-06 15:27 +08:00:     at Module._compile (internal/modules/cjs/loader.js:776:30)
2020-01-06 15:27 +08:00:     at Object.Module._extensions..js (internal/modules/cjs/loader.js:787:10)
2020-01-06 15:27 +08:00:     at Module.load (internal/modules/cjs/loader.js:643:32)
2020-01-06 15:27 +08:00:     at Function.Module._load (internal/modules/cjs/loader.js:556:12)
2020-01-06 15:40 +08:00: 
2020-01-06 15:40 +08:00: /Users/taleyoung/Documents/开发/NEXT/server/node_modules/ts-node/src/index.ts:293
2020-01-06 15:40 +08:00:     return new TSError(diagnosticText, diagnosticCodes)
2020-01-06 15:40 +08:00:            ^
2020-01-06 15:40 +08:00: TSError: ⨯ Unable to compile TypeScript:
2020-01-06 15:40 +08:00: error TS5058: The specified path does not exist: '/Users/taleyoung/Documents/开发/NEXT/server'.
2020-01-06 15:40 +08:00: 
2020-01-06 15:40 +08:00:     at createTSError (/Users/taleyoung/Documents/开发/NEXT/server/node_modules/ts-node/src/index.ts:293:12)
2020-01-06 15:40 +08:00:     at reportTSError (/Users/taleyoung/Documents/开发/NEXT/server/node_modules/ts-node/src/index.ts:297:19)
2020-01-06 15:40 +08:00:     at create (/Users/taleyoung/Documents/开发/NEXT/server/node_modules/ts-node/src/index.ts:308:36)
2020-01-06 15:40 +08:00:     at Object.register (/Users/taleyoung/Documents/开发/NEXT/server/node_modules/ts-node/src/index.ts:227:19)
2020-01-06 15:40 +08:00:     at main (/Users/taleyoung/Documents/开发/NEXT/server/node_modules/ts-node/src/bin.ts:150:19)
2020-01-06 15:40 +08:00:     at Object.<anonymous> (/Users/taleyoung/Documents/开发/NEXT/server/node_modules/ts-node/src/bin.ts:470:3)
2020-01-06 15:40 +08:00:     at Module._compile (internal/modules/cjs/loader.js:776:30)
2020-01-06 15:40 +08:00:     at Object.Module._extensions..js (internal/modules/cjs/loader.js:787:10)
2020-01-06 15:40 +08:00:     at Module.load (internal/modules/cjs/loader.js:643:32)
2020-01-06 15:40 +08:00:     at Function.Module._load (internal/modules/cjs/loader.js:556:12)
2020-01-06 15:40 +08:00: 
2020-01-06 15:40 +08:00: /Users/taleyoung/Documents/开发/NEXT/server/node_modules/ts-node/src/index.ts:293
2020-01-06 15:40 +08:00:     return new TSError(diagnosticText, diagnosticCodes)
2020-01-06 15:40 +08:00:            ^
2020-01-06 15:40 +08:00: TSError: ⨯ Unable to compile TypeScript:
2020-01-06 15:40 +08:00: error TS5058: The specified path does not exist: '/Users/taleyoung/Documents/开发/NEXT/server'.
2020-01-06 15:40 +08:00: 
2020-01-06 15:40 +08:00:     at createTSError (/Users/taleyoung/Documents/开发/NEXT/server/node_modules/ts-node/src/index.ts:293:12)
2020-01-06 15:40 +08:00:     at reportTSError (/Users/taleyoung/Documents/开发/NEXT/server/node_modules/ts-node/src/index.ts:297:19)
2020-01-06 15:40 +08:00:     at create (/Users/taleyoung/Documents/开发/NEXT/server/node_modules/ts-node/src/index.ts:308:36)
2020-01-06 15:40 +08:00:     at Object.register (/Users/taleyoung/Documents/开发/NEXT/server/node_modules/ts-node/src/index.ts:227:19)
2020-01-06 15:40 +08:00:     at main (/Users/taleyoung/Documents/开发/NEXT/server/node_modules/ts-node/src/bin.ts:150:19)
2020-01-06 15:40 +08:00:     at Object.<anonymous> (/Users/taleyoung/Documents/开发/NEXT/server/node_modules/ts-node/src/bin.ts:470:3)
2020-01-06 15:40 +08:00:     at Module._compile (internal/modules/cjs/loader.js:776:30)
2020-01-06 15:40 +08:00:     at Object.Module._extensions..js (internal/modules/cjs/loader.js:787:10)
2020-01-06 15:40 +08:00:     at Module.load (internal/modules/cjs/loader.js:643:32)
2020-01-06 15:40 +08:00:     at Function.Module._load (internal/modules/cjs/loader.js:556:12)
2020-01-06 15:40 +08:00: 
2020-01-06 15:40 +08:00: /Users/taleyoung/Documents/开发/NEXT/server/node_modules/ts-node/src/index.ts:293
2020-01-06 15:40 +08:00:     return new TSError(diagnosticText, diagnosticCodes)
2020-01-06 15:40 +08:00:            ^
2020-01-06 15:40 +08:00: TSError: ⨯ Unable to compile TypeScript:
2020-01-06 15:40 +08:00: error TS5058: The specified path does not exist: '/Users/taleyoung/Documents/开发/NEXT/server'.
2020-01-06 15:40 +08:00: 
2020-01-06 15:40 +08:00:     at createTSError (/Users/taleyoung/Documents/开发/NEXT/server/node_modules/ts-node/src/index.ts:293:12)
2020-01-06 15:40 +08:00:     at reportTSError (/Users/taleyoung/Documents/开发/NEXT/server/node_modules/ts-node/src/index.ts:297:19)
2020-01-06 15:40 +08:00:     at create (/Users/taleyoung/Documents/开发/NEXT/server/node_modules/ts-node/src/index.ts:308:36)
2020-01-06 15:40 +08:00:     at Object.register (/Users/taleyoung/Documents/开发/NEXT/server/node_modules/ts-node/src/index.ts:227:19)
2020-01-06 15:40 +08:00:     at main (/Users/taleyoung/Documents/开发/NEXT/server/node_modules/ts-node/src/bin.ts:150:19)
2020-01-06 15:40 +08:00:     at Object.<anonymous> (/Users/taleyoung/Documents/开发/NEXT/server/node_modules/ts-node/src/bin.ts:470:3)
2020-01-06 15:40 +08:00:     at Module._compile (internal/modules/cjs/loader.js:776:30)
2020-01-06 15:40 +08:00:     at Object.Module._extensions..js (internal/modules/cjs/loader.js:787:10)
2020-01-06 15:40 +08:00:     at Module.load (internal/modules/cjs/loader.js:643:32)
2020-01-06 15:40 +08:00:     at Function.Module._load (internal/modules/cjs/loader.js:556:12)
2020-01-06 15:40 +08:00: 
2020-01-06 15:40 +08:00: /Users/taleyoung/Documents/开发/NEXT/server/node_modules/ts-node/src/index.ts:293
2020-01-06 15:40 +08:00:     return new TSError(diagnosticText, diagnosticCodes)
2020-01-06 15:40 +08:00:            ^
2020-01-06 15:40 +08:00: TSError: ⨯ Unable to compile TypeScript:
2020-01-06 15:40 +08:00: error TS5058: The specified path does not exist: '/Users/taleyoung/Documents/开发/NEXT/server'.
2020-01-06 15:40 +08:00: 
2020-01-06 15:40 +08:00:     at createTSError (/Users/taleyoung/Documents/开发/NEXT/server/node_modules/ts-node/src/index.ts:293:12)
2020-01-06 15:40 +08:00:     at reportTSError (/Users/taleyoung/Documents/开发/NEXT/server/node_modules/ts-node/src/index.ts:297:19)
2020-01-06 15:40 +08:00:     at create (/Users/taleyoung/Documents/开发/NEXT/server/node_modules/ts-node/src/index.ts:308:36)
2020-01-06 15:40 +08:00:     at Object.register (/Users/taleyoung/Documents/开发/NEXT/server/node_modules/ts-node/src/index.ts:227:19)
2020-01-06 15:40 +08:00:     at main (/Users/taleyoung/Documents/开发/NEXT/server/node_modules/ts-node/src/bin.ts:150:19)
2020-01-06 15:40 +08:00:     at Object.<anonymous> (/Users/taleyoung/Documents/开发/NEXT/server/node_modules/ts-node/src/bin.ts:470:3)
2020-01-06 15:40 +08:00:     at Module._compile (internal/modules/cjs/loader.js:776:30)
2020-01-06 15:40 +08:00:     at Object.Module._extensions..js (internal/modules/cjs/loader.js:787:10)
2020-01-06 15:40 +08:00:     at Module.load (internal/modules/cjs/loader.js:643:32)
2020-01-06 15:40 +08:00:     at Function.Module._load (internal/modules/cjs/loader.js:556:12)
2020-01-06 15:40 +08:00: 
2020-01-06 15:40 +08:00: /Users/taleyoung/Documents/开发/NEXT/server/node_modules/ts-node/src/index.ts:293
2020-01-06 15:40 +08:00:     return new TSError(diagnosticText, diagnosticCodes)
2020-01-06 15:40 +08:00:            ^
2020-01-06 15:40 +08:00: TSError: ⨯ Unable to compile TypeScript:
2020-01-06 15:40 +08:00: error TS5058: The specified path does not exist: '/Users/taleyoung/Documents/开发/NEXT/server'.
2020-01-06 15:40 +08:00: 
2020-01-06 15:40 +08:00:     at createTSError (/Users/taleyoung/Documents/开发/NEXT/server/node_modules/ts-node/src/index.ts:293:12)
2020-01-06 15:40 +08:00:     at reportTSError (/Users/taleyoung/Documents/开发/NEXT/server/node_modules/ts-node/src/index.ts:297:19)
2020-01-06 15:40 +08:00:     at create (/Users/taleyoung/Documents/开发/NEXT/server/node_modules/ts-node/src/index.ts:308:36)
2020-01-06 15:40 +08:00:     at Object.register (/Users/taleyoung/Documents/开发/NEXT/server/node_modules/ts-node/src/index.ts:227:19)
2020-01-06 15:40 +08:00:     at main (/Users/taleyoung/Documents/开发/NEXT/server/node_modules/ts-node/src/bin.ts:150:19)
2020-01-06 15:40 +08:00:     at Object.<anonymous> (/Users/taleyoung/Documents/开发/NEXT/server/node_modules/ts-node/src/bin.ts:470:3)
2020-01-06 15:40 +08:00:     at Module._compile (internal/modules/cjs/loader.js:776:30)
2020-01-06 15:40 +08:00:     at Object.Module._extensions..js (internal/modules/cjs/loader.js:787:10)
2020-01-06 15:40 +08:00:     at Module.load (internal/modules/cjs/loader.js:643:32)
2020-01-06 15:40 +08:00:     at Function.Module._load (internal/modules/cjs/loader.js:556:12)
2020-01-06 15:40 +08:00: 
2020-01-06 15:40 +08:00: /Users/taleyoung/Documents/开发/NEXT/server/node_modules/ts-node/src/index.ts:293
2020-01-06 15:40 +08:00:     return new TSError(diagnosticText, diagnosticCodes)
2020-01-06 15:40 +08:00:            ^
2020-01-06 15:40 +08:00: TSError: ⨯ Unable to compile TypeScript:
2020-01-06 15:40 +08:00: error TS5058: The specified path does not exist: '/Users/taleyoung/Documents/开发/NEXT/server'.
2020-01-06 15:40 +08:00: 
2020-01-06 15:40 +08:00:     at createTSError (/Users/taleyoung/Documents/开发/NEXT/server/node_modules/ts-node/src/index.ts:293:12)
2020-01-06 15:40 +08:00:     at reportTSError (/Users/taleyoung/Documents/开发/NEXT/server/node_modules/ts-node/src/index.ts:297:19)
2020-01-06 15:40 +08:00:     at create (/Users/taleyoung/Documents/开发/NEXT/server/node_modules/ts-node/src/index.ts:308:36)
2020-01-06 15:40 +08:00:     at Object.register (/Users/taleyoung/Documents/开发/NEXT/server/node_modules/ts-node/src/index.ts:227:19)
2020-01-06 15:40 +08:00:     at main (/Users/taleyoung/Documents/开发/NEXT/server/node_modules/ts-node/src/bin.ts:150:19)
2020-01-06 15:40 +08:00:     at Object.<anonymous> (/Users/taleyoung/Documents/开发/NEXT/server/node_modules/ts-node/src/bin.ts:470:3)
2020-01-06 15:40 +08:00:     at Module._compile (internal/modules/cjs/loader.js:776:30)
2020-01-06 15:40 +08:00:     at Object.Module._extensions..js (internal/modules/cjs/loader.js:787:10)
2020-01-06 15:40 +08:00:     at Module.load (internal/modules/cjs/loader.js:643:32)
2020-01-06 15:40 +08:00:     at Function.Module._load (internal/modules/cjs/loader.js:556:12)
2020-01-06 15:40 +08:00: 
2020-01-06 15:40 +08:00: /Users/taleyoung/Documents/开发/NEXT/server/node_modules/ts-node/src/index.ts:293
2020-01-06 15:40 +08:00:     return new TSError(diagnosticText, diagnosticCodes)
2020-01-06 15:40 +08:00:            ^
2020-01-06 15:40 +08:00: TSError: ⨯ Unable to compile TypeScript:
2020-01-06 15:40 +08:00: error TS5058: The specified path does not exist: '/Users/taleyoung/Documents/开发/NEXT/server'.
2020-01-06 15:40 +08:00: 
2020-01-06 15:40 +08:00:     at createTSError (/Users/taleyoung/Documents/开发/NEXT/server/node_modules/ts-node/src/index.ts:293:12)
2020-01-06 15:40 +08:00:     at reportTSError (/Users/taleyoung/Documents/开发/NEXT/server/node_modules/ts-node/src/index.ts:297:19)
2020-01-06 15:40 +08:00:     at create (/Users/taleyoung/Documents/开发/NEXT/server/node_modules/ts-node/src/index.ts:308:36)
2020-01-06 15:40 +08:00:     at Object.register (/Users/taleyoung/Documents/开发/NEXT/server/node_modules/ts-node/src/index.ts:227:19)
2020-01-06 15:40 +08:00:     at main (/Users/taleyoung/Documents/开发/NEXT/server/node_modules/ts-node/src/bin.ts:150:19)
2020-01-06 15:40 +08:00:     at Object.<anonymous> (/Users/taleyoung/Documents/开发/NEXT/server/node_modules/ts-node/src/bin.ts:470:3)
2020-01-06 15:40 +08:00:     at Module._compile (internal/modules/cjs/loader.js:776:30)
2020-01-06 15:40 +08:00:     at Object.Module._extensions..js (internal/modules/cjs/loader.js:787:10)
2020-01-06 15:40 +08:00:     at Module.load (internal/modules/cjs/loader.js:643:32)
2020-01-06 15:40 +08:00:     at Function.Module._load (internal/modules/cjs/loader.js:556:12)
2020-01-06 15:40 +08:00: 
2020-01-06 15:40 +08:00: /Users/taleyoung/Documents/开发/NEXT/server/node_modules/ts-node/src/index.ts:293
2020-01-06 15:40 +08:00:     return new TSError(diagnosticText, diagnosticCodes)
2020-01-06 15:40 +08:00:            ^
2020-01-06 15:40 +08:00: TSError: ⨯ Unable to compile TypeScript:
2020-01-06 15:40 +08:00: error TS5058: The specified path does not exist: '/Users/taleyoung/Documents/开发/NEXT/server'.
2020-01-06 15:40 +08:00: 
2020-01-06 15:40 +08:00:     at createTSError (/Users/taleyoung/Documents/开发/NEXT/server/node_modules/ts-node/src/index.ts:293:12)
2020-01-06 15:40 +08:00:     at reportTSError (/Users/taleyoung/Documents/开发/NEXT/server/node_modules/ts-node/src/index.ts:297:19)
2020-01-06 15:40 +08:00:     at create (/Users/taleyoung/Documents/开发/NEXT/server/node_modules/ts-node/src/index.ts:308:36)
2020-01-06 15:40 +08:00:     at Object.register (/Users/taleyoung/Documents/开发/NEXT/server/node_modules/ts-node/src/index.ts:227:19)
2020-01-06 15:40 +08:00:     at main (/Users/taleyoung/Documents/开发/NEXT/server/node_modules/ts-node/src/bin.ts:150:19)
2020-01-06 15:40 +08:00:     at Object.<anonymous> (/Users/taleyoung/Documents/开发/NEXT/server/node_modules/ts-node/src/bin.ts:470:3)
2020-01-06 15:40 +08:00:     at Module._compile (internal/modules/cjs/loader.js:776:30)
2020-01-06 15:40 +08:00:     at Object.Module._extensions..js (internal/modules/cjs/loader.js:787:10)
2020-01-06 15:40 +08:00:     at Module.load (internal/modules/cjs/loader.js:643:32)
2020-01-06 15:40 +08:00:     at Function.Module._load (internal/modules/cjs/loader.js:556:12)
2020-01-06 15:40 +08:00: 
2020-01-06 15:40 +08:00: /Users/taleyoung/Documents/开发/NEXT/server/node_modules/ts-node/src/index.ts:293
2020-01-06 15:40 +08:00:     return new TSError(diagnosticText, diagnosticCodes)
2020-01-06 15:40 +08:00:            ^
2020-01-06 15:40 +08:00: TSError: ⨯ Unable to compile TypeScript:
2020-01-06 15:40 +08:00: error TS5058: The specified path does not exist: '/Users/taleyoung/Documents/开发/NEXT/server'.
2020-01-06 15:40 +08:00: 
2020-01-06 15:40 +08:00:     at createTSError (/Users/taleyoung/Documents/开发/NEXT/server/node_modules/ts-node/src/index.ts:293:12)
2020-01-06 15:40 +08:00:     at reportTSError (/Users/taleyoung/Documents/开发/NEXT/server/node_modules/ts-node/src/index.ts:297:19)
2020-01-06 15:40 +08:00:     at create (/Users/taleyoung/Documents/开发/NEXT/server/node_modules/ts-node/src/index.ts:308:36)
2020-01-06 15:40 +08:00:     at Object.register (/Users/taleyoung/Documents/开发/NEXT/server/node_modules/ts-node/src/index.ts:227:19)
2020-01-06 15:40 +08:00:     at main (/Users/taleyoung/Documents/开发/NEXT/server/node_modules/ts-node/src/bin.ts:150:19)
2020-01-06 15:40 +08:00:     at Object.<anonymous> (/Users/taleyoung/Documents/开发/NEXT/server/node_modules/ts-node/src/bin.ts:470:3)
2020-01-06 15:40 +08:00:     at Module._compile (internal/modules/cjs/loader.js:776:30)
2020-01-06 15:40 +08:00:     at Object.Module._extensions..js (internal/modules/cjs/loader.js:787:10)
2020-01-06 15:40 +08:00:     at Module.load (internal/modules/cjs/loader.js:643:32)
2020-01-06 15:40 +08:00:     at Function.Module._load (internal/modules/cjs/loader.js:556:12)
2020-01-06 15:40 +08:00: 
2020-01-06 15:40 +08:00: /Users/taleyoung/Documents/开发/NEXT/server/node_modules/ts-node/src/index.ts:293
2020-01-06 15:40 +08:00:     return new TSError(diagnosticText, diagnosticCodes)
2020-01-06 15:40 +08:00:            ^
2020-01-06 15:40 +08:00: TSError: ⨯ Unable to compile TypeScript:
2020-01-06 15:40 +08:00: error TS5058: The specified path does not exist: '/Users/taleyoung/Documents/开发/NEXT/server'.
2020-01-06 15:40 +08:00: 
2020-01-06 15:40 +08:00:     at createTSError (/Users/taleyoung/Documents/开发/NEXT/server/node_modules/ts-node/src/index.ts:293:12)
2020-01-06 15:40 +08:00:     at reportTSError (/Users/taleyoung/Documents/开发/NEXT/server/node_modules/ts-node/src/index.ts:297:19)
2020-01-06 15:40 +08:00:     at create (/Users/taleyoung/Documents/开发/NEXT/server/node_modules/ts-node/src/index.ts:308:36)
2020-01-06 15:40 +08:00:     at Object.register (/Users/taleyoung/Documents/开发/NEXT/server/node_modules/ts-node/src/index.ts:227:19)
2020-01-06 15:40 +08:00:     at main (/Users/taleyoung/Documents/开发/NEXT/server/node_modules/ts-node/src/bin.ts:150:19)
2020-01-06 15:40 +08:00:     at Object.<anonymous> (/Users/taleyoung/Documents/开发/NEXT/server/node_modules/ts-node/src/bin.ts:470:3)
2020-01-06 15:40 +08:00:     at Module._compile (internal/modules/cjs/loader.js:776:30)
2020-01-06 15:40 +08:00:     at Object.Module._extensions..js (internal/modules/cjs/loader.js:787:10)
2020-01-06 15:40 +08:00:     at Module.load (internal/modules/cjs/loader.js:643:32)
2020-01-06 15:40 +08:00:     at Function.Module._load (internal/modules/cjs/loader.js:556:12)
2020-01-06 15:40 +08:00: 
2020-01-06 15:40 +08:00: /Users/taleyoung/Documents/开发/NEXT/server/node_modules/ts-node/src/index.ts:293
2020-01-06 15:40 +08:00:     return new TSError(diagnosticText, diagnosticCodes)
2020-01-06 15:40 +08:00:            ^
2020-01-06 15:40 +08:00: TSError: ⨯ Unable to compile TypeScript:
2020-01-06 15:40 +08:00: error TS5058: The specified path does not exist: '/Users/taleyoung/Documents/开发/NEXT/server'.
2020-01-06 15:40 +08:00: 
2020-01-06 15:40 +08:00:     at createTSError (/Users/taleyoung/Documents/开发/NEXT/server/node_modules/ts-node/src/index.ts:293:12)
2020-01-06 15:40 +08:00:     at reportTSError (/Users/taleyoung/Documents/开发/NEXT/server/node_modules/ts-node/src/index.ts:297:19)
2020-01-06 15:40 +08:00:     at create (/Users/taleyoung/Documents/开发/NEXT/server/node_modules/ts-node/src/index.ts:308:36)
2020-01-06 15:40 +08:00:     at Object.register (/Users/taleyoung/Documents/开发/NEXT/server/node_modules/ts-node/src/index.ts:227:19)
2020-01-06 15:40 +08:00:     at main (/Users/taleyoung/Documents/开发/NEXT/server/node_modules/ts-node/src/bin.ts:150:19)
2020-01-06 15:40 +08:00:     at Object.<anonymous> (/Users/taleyoung/Documents/开发/NEXT/server/node_modules/ts-node/src/bin.ts:470:3)
2020-01-06 15:40 +08:00:     at Module._compile (internal/modules/cjs/loader.js:776:30)
2020-01-06 15:40 +08:00:     at Object.Module._extensions..js (internal/modules/cjs/loader.js:787:10)
2020-01-06 15:40 +08:00:     at Module.load (internal/modules/cjs/loader.js:643:32)
2020-01-06 15:40 +08:00:     at Function.Module._load (internal/modules/cjs/loader.js:556:12)
2020-01-06 15:40 +08:00: 
2020-01-06 15:40 +08:00: /Users/taleyoung/Documents/开发/NEXT/server/node_modules/ts-node/src/index.ts:293
2020-01-06 15:40 +08:00:     return new TSError(diagnosticText, diagnosticCodes)
2020-01-06 15:40 +08:00:            ^
2020-01-06 15:40 +08:00: TSError: ⨯ Unable to compile TypeScript:
2020-01-06 15:40 +08:00: error TS5058: The specified path does not exist: '/Users/taleyoung/Documents/开发/NEXT/server'.
2020-01-06 15:40 +08:00: 
2020-01-06 15:40 +08:00:     at createTSError (/Users/taleyoung/Documents/开发/NEXT/server/node_modules/ts-node/src/index.ts:293:12)
2020-01-06 15:40 +08:00:     at reportTSError (/Users/taleyoung/Documents/开发/NEXT/server/node_modules/ts-node/src/index.ts:297:19)
2020-01-06 15:40 +08:00:     at create (/Users/taleyoung/Documents/开发/NEXT/server/node_modules/ts-node/src/index.ts:308:36)
2020-01-06 15:40 +08:00:     at Object.register (/Users/taleyoung/Documents/开发/NEXT/server/node_modules/ts-node/src/index.ts:227:19)
2020-01-06 15:40 +08:00:     at main (/Users/taleyoung/Documents/开发/NEXT/server/node_modules/ts-node/src/bin.ts:150:19)
2020-01-06 15:40 +08:00:     at Object.<anonymous> (/Users/taleyoung/Documents/开发/NEXT/server/node_modules/ts-node/src/bin.ts:470:3)
2020-01-06 15:40 +08:00:     at Module._compile (internal/modules/cjs/loader.js:776:30)
2020-01-06 15:40 +08:00:     at Object.Module._extensions..js (internal/modules/cjs/loader.js:787:10)
2020-01-06 15:40 +08:00:     at Module.load (internal/modules/cjs/loader.js:643:32)
2020-01-06 15:40 +08:00:     at Function.Module._load (internal/modules/cjs/loader.js:556:12)
2020-01-06 15:40 +08:00: 
2020-01-06 15:40 +08:00: /Users/taleyoung/Documents/开发/NEXT/server/node_modules/ts-node/src/index.ts:293
2020-01-06 15:40 +08:00:     return new TSError(diagnosticText, diagnosticCodes)
2020-01-06 15:40 +08:00:            ^
2020-01-06 15:40 +08:00: TSError: ⨯ Unable to compile TypeScript:
2020-01-06 15:40 +08:00: error TS5058: The specified path does not exist: '/Users/taleyoung/Documents/开发/NEXT/server'.
2020-01-06 15:40 +08:00: 
2020-01-06 15:40 +08:00:     at createTSError (/Users/taleyoung/Documents/开发/NEXT/server/node_modules/ts-node/src/index.ts:293:12)
2020-01-06 15:40 +08:00:     at reportTSError (/Users/taleyoung/Documents/开发/NEXT/server/node_modules/ts-node/src/index.ts:297:19)
2020-01-06 15:40 +08:00:     at create (/Users/taleyoung/Documents/开发/NEXT/server/node_modules/ts-node/src/index.ts:308:36)
2020-01-06 15:40 +08:00:     at Object.register (/Users/taleyoung/Documents/开发/NEXT/server/node_modules/ts-node/src/index.ts:227:19)
2020-01-06 15:40 +08:00:     at main (/Users/taleyoung/Documents/开发/NEXT/server/node_modules/ts-node/src/bin.ts:150:19)
2020-01-06 15:40 +08:00:     at Object.<anonymous> (/Users/taleyoung/Documents/开发/NEXT/server/node_modules/ts-node/src/bin.ts:470:3)
2020-01-06 15:40 +08:00:     at Module._compile (internal/modules/cjs/loader.js:776:30)
2020-01-06 15:40 +08:00:     at Object.Module._extensions..js (internal/modules/cjs/loader.js:787:10)
2020-01-06 15:40 +08:00:     at Module.load (internal/modules/cjs/loader.js:643:32)
2020-01-06 15:40 +08:00:     at Function.Module._load (internal/modules/cjs/loader.js:556:12)
2020-01-06 15:40 +08:00: 
2020-01-06 15:40 +08:00: /Users/taleyoung/Documents/开发/NEXT/server/node_modules/ts-node/src/index.ts:293
2020-01-06 15:40 +08:00:     return new TSError(diagnosticText, diagnosticCodes)
2020-01-06 15:40 +08:00:            ^
2020-01-06 15:40 +08:00: TSError: ⨯ Unable to compile TypeScript:
2020-01-06 15:40 +08:00: error TS5058: The specified path does not exist: '/Users/taleyoung/Documents/开发/NEXT/server'.
2020-01-06 15:40 +08:00: 
2020-01-06 15:40 +08:00:     at createTSError (/Users/taleyoung/Documents/开发/NEXT/server/node_modules/ts-node/src/index.ts:293:12)
2020-01-06 15:40 +08:00:     at reportTSError (/Users/taleyoung/Documents/开发/NEXT/server/node_modules/ts-node/src/index.ts:297:19)
2020-01-06 15:40 +08:00:     at create (/Users/taleyoung/Documents/开发/NEXT/server/node_modules/ts-node/src/index.ts:308:36)
2020-01-06 15:40 +08:00:     at Object.register (/Users/taleyoung/Documents/开发/NEXT/server/node_modules/ts-node/src/index.ts:227:19)
2020-01-06 15:40 +08:00:     at main (/Users/taleyoung/Documents/开发/NEXT/server/node_modules/ts-node/src/bin.ts:150:19)
2020-01-06 15:40 +08:00:     at Object.<anonymous> (/Users/taleyoung/Documents/开发/NEXT/server/node_modules/ts-node/src/bin.ts:470:3)
2020-01-06 15:40 +08:00:     at Module._compile (internal/modules/cjs/loader.js:776:30)
2020-01-06 15:40 +08:00:     at Object.Module._extensions..js (internal/modules/cjs/loader.js:787:10)
2020-01-06 15:40 +08:00:     at Module.load (internal/modules/cjs/loader.js:643:32)
2020-01-06 15:40 +08:00:     at Function.Module._load (internal/modules/cjs/loader.js:556:12)
2020-01-06 15:40 +08:00: 
2020-01-06 15:40 +08:00: /Users/taleyoung/Documents/开发/NEXT/server/node_modules/ts-node/src/index.ts:293
2020-01-06 15:40 +08:00:     return new TSError(diagnosticText, diagnosticCodes)
2020-01-06 15:40 +08:00:            ^
2020-01-06 15:40 +08:00: TSError: ⨯ Unable to compile TypeScript:
2020-01-06 15:40 +08:00: error TS5058: The specified path does not exist: '/Users/taleyoung/Documents/开发/NEXT/server'.
2020-01-06 15:40 +08:00: 
2020-01-06 15:40 +08:00:     at createTSError (/Users/taleyoung/Documents/开发/NEXT/server/node_modules/ts-node/src/index.ts:293:12)
2020-01-06 15:40 +08:00:     at reportTSError (/Users/taleyoung/Documents/开发/NEXT/server/node_modules/ts-node/src/index.ts:297:19)
2020-01-06 15:40 +08:00:     at create (/Users/taleyoung/Documents/开发/NEXT/server/node_modules/ts-node/src/index.ts:308:36)
2020-01-06 15:40 +08:00:     at Object.register (/Users/taleyoung/Documents/开发/NEXT/server/node_modules/ts-node/src/index.ts:227:19)
2020-01-06 15:40 +08:00:     at main (/Users/taleyoung/Documents/开发/NEXT/server/node_modules/ts-node/src/bin.ts:150:19)
2020-01-06 15:40 +08:00:     at Object.<anonymous> (/Users/taleyoung/Documents/开发/NEXT/server/node_modules/ts-node/src/bin.ts:470:3)
2020-01-06 15:40 +08:00:     at Module._compile (internal/modules/cjs/loader.js:776:30)
2020-01-06 15:40 +08:00:     at Object.Module._extensions..js (internal/modules/cjs/loader.js:787:10)
2020-01-06 15:40 +08:00:     at Module.load (internal/modules/cjs/loader.js:643:32)
2020-01-06 15:40 +08:00:     at Function.Module._load (internal/modules/cjs/loader.js:556:12)
2020-01-06 15:40 +08:00: 
2020-01-06 15:40 +08:00: /Users/taleyoung/Documents/开发/NEXT/server/node_modules/ts-node/src/index.ts:293
2020-01-06 15:40 +08:00:     return new TSError(diagnosticText, diagnosticCodes)
2020-01-06 15:40 +08:00:            ^
2020-01-06 15:40 +08:00: TSError: ⨯ Unable to compile TypeScript:
2020-01-06 15:40 +08:00: error TS5058: The specified path does not exist: '/Users/taleyoung/Documents/开发/NEXT/server'.
2020-01-06 15:40 +08:00: 
2020-01-06 15:40 +08:00:     at createTSError (/Users/taleyoung/Documents/开发/NEXT/server/node_modules/ts-node/src/index.ts:293:12)
2020-01-06 15:40 +08:00:     at reportTSError (/Users/taleyoung/Documents/开发/NEXT/server/node_modules/ts-node/src/index.ts:297:19)
2020-01-06 15:40 +08:00:     at create (/Users/taleyoung/Documents/开发/NEXT/server/node_modules/ts-node/src/index.ts:308:36)
2020-01-06 15:40 +08:00:     at Object.register (/Users/taleyoung/Documents/开发/NEXT/server/node_modules/ts-node/src/index.ts:227:19)
2020-01-06 15:40 +08:00:     at main (/Users/taleyoung/Documents/开发/NEXT/server/node_modules/ts-node/src/bin.ts:150:19)
2020-01-06 15:40 +08:00:     at Object.<anonymous> (/Users/taleyoung/Documents/开发/NEXT/server/node_modules/ts-node/src/bin.ts:470:3)
2020-01-06 15:40 +08:00:     at Module._compile (internal/modules/cjs/loader.js:776:30)
2020-01-06 15:40 +08:00:     at Object.Module._extensions..js (internal/modules/cjs/loader.js:787:10)
2020-01-06 15:40 +08:00:     at Module.load (internal/modules/cjs/loader.js:643:32)
2020-01-06 15:40 +08:00:     at Function.Module._load (internal/modules/cjs/loader.js:556:12)
